2025-03-11 14:39:14,393 - StockDataProcessor - INFO - StockDataProcessor initialized
2025-03-11 14:39:14,393 - StockDataProcessor - INFO - Loading data from Fetched_Data\combined_sp500_all_data_5min.csv
2025-03-11 14:39:14,465 - StockDataProcessor - INFO - Data loaded successfully: 26790 rows, 7 columns
2025-03-11 14:39:14,465 - StockDataProcessor - INFO - Columns: ['Datetime', 'Open', 'High', 'Low', 'Close', 'Volume', 'Ticker']
2025-03-11 14:39:14,465 - StockDataProcessor - INFO - Data types: {'Datetime': 'datetime64[ns]', 'Open': 'float64', 'High': 'float64', 'Low': 'float64', 'Close': 'float64', 'Volume': 'int64', 'Ticker': 'object'}
2025-03-11 14:39:14,465 - StockDataProcessor - INFO - No missing values detected
2025-03-11 14:39:14,465 - StockDataProcessor - INFO - Detected price columns: ['Open', 'High', 'Low', 'Close']
2025-03-11 14:39:14,466 - StockDataProcessor - INFO - Analyzing price column distributions
2025-03-11 14:39:14,563 - StockDataProcessor - INFO - Distribution analysis complete. Recommended normalization: minmax
2025-03-11 14:39:14,564 - StockDataProcessor - INFO - Normal distributions: 0.00%, Skewed distributions: 3.57%
2025-03-11 14:39:14,564 - StockDataProcessor - INFO - Starting data cleaning process
2025-03-11 14:39:14,565 - StockDataProcessor - INFO - Handling invalid values
2025-03-11 14:39:14,570 - StockDataProcessor - INFO - Found 0 NaN values before cleaning
2025-03-11 14:39:14,571 - StockDataProcessor - INFO - Interpolating missing values (max consecutive: 3)
2025-03-11 14:39:14,585 - StockDataProcessor - INFO - Remaining NaN values after handling: 0
2025-03-11 14:39:14,588 - StockDataProcessor - INFO - Detecting and handling outliers
2025-03-11 14:39:14,791 - StockDataProcessor - INFO - Detected 80 outliers using iqr method
2025-03-11 14:39:14,791 - StockDataProcessor - INFO - Outliers for AAPL: Open: 1, High: 5, Low: 7, Close: 1
2025-03-11 14:39:14,791 - StockDataProcessor - INFO - Outliers for AMZN: Low: 1
2025-03-11 14:39:14,791 - StockDataProcessor - INFO - Outliers for GOOGL: Open: 1, High: 3
2025-03-11 14:39:14,791 - StockDataProcessor - INFO - Outliers for MSFT: Open: 2, High: 21, Low: 15, Close: 1
2025-03-11 14:39:14,791 - StockDataProcessor - INFO - Outliers for NVDA: Open: 1, High: 11, Low: 3
2025-03-11 14:39:14,791 - StockDataProcessor - INFO - Outliers for TSLA: High: 7
2025-03-11 14:39:14,815 - StockDataProcessor - INFO - Cleaning complete. Removed 0 rows (0.00%)
2025-03-11 14:39:14,816 - StockDataProcessor - INFO - Normalizing price columns using minmax method
2025-03-11 14:39:14,867 - StockDataProcessor - INFO - Normalization complete
2025-03-11 14:39:14,867 - StockDataProcessor - INFO - Generating summary statistics
2025-03-11 14:39:14,962 - StockDataProcessor - INFO - Statistics generation complete
2025-03-11 14:39:14,963 - StockDataProcessor - INFO - Total rows in final dataset: 26790
2025-03-11 14:39:14,963 - StockDataProcessor - INFO - Date range: 2025-02-10 11:00:00 to 2025-03-11 02:55:00
2025-03-11 14:39:14,963 - StockDataProcessor - INFO - AAPL: 3840 rows
2025-03-11 14:39:14,963 - StockDataProcessor - INFO - AMZN: 3840 rows
2025-03-11 14:39:14,963 - StockDataProcessor - INFO - GOOGL: 3840 rows
2025-03-11 14:39:14,963 - StockDataProcessor - INFO - META: 3840 rows
2025-03-11 14:39:14,963 - StockDataProcessor - INFO - MSFT: 3795 rows
2025-03-11 14:39:14,963 - StockDataProcessor - INFO - NVDA: 3840 rows
2025-03-11 14:39:14,963 - StockDataProcessor - INFO - TSLA: 3795 rows
2025-03-11 14:39:14,964 - StockDataProcessor - INFO - Saving normalized data to Processed_Data\cleaned_normalized_data.csv
2025-03-11 14:39:15,249 - StockDataProcessor - INFO - Successfully saved 26790 rows to Processed_Data\cleaned_normalized_data.csv
2025-03-11 14:39:15,257 - StockDataProcessor - INFO - Saved statistics to Processed_Data\cleaned_normalized_data_stats.json
2025-03-11 20:52:42,814 - StockDataProcessor - INFO - StockDataProcessor initialized
2025-03-11 20:52:42,814 - StockDataProcessor - INFO - Step 1: Loading data
2025-03-11 20:52:42,815 - StockDataProcessor - INFO - Loading data from Fetched_Data\combined_sp500_all_data_5min.csv
2025-03-11 20:52:42,886 - StockDataProcessor - INFO - Will normalize the following columns: ['Open', 'High', 'Low', 'Close']
2025-03-11 20:52:42,913 - StockDataProcessor - INFO - Data loaded successfully: 26790 rows, 7 columns
2025-03-11 20:52:42,913 - StockDataProcessor - INFO - Columns: ['Datetime', 'Open', 'High', 'Low', 'Close', 'Volume', 'Ticker']
2025-03-11 20:52:42,913 - StockDataProcessor - INFO - Data types: {'Datetime': 'datetime64[ns]', 'Open': 'float64', 'High': 'float64', 'Low': 'float64', 'Close': 'float64', 'Volume': 'int64', 'Ticker': 'object'}
2025-03-11 20:52:42,913 - StockDataProcessor - INFO - No missing values detected
2025-03-11 20:52:42,914 - StockDataProcessor - INFO - Standardizing column names: {'Open': 'Open', 'High': 'High', 'Low': 'Low', 'Close': 'Close', 'Volume': 'Volume'}
2025-03-11 20:52:42,914 - StockDataProcessor - INFO - Detected price columns: ['Open', 'High', 'Low', 'Close']
2025-03-11 20:52:42,915 - StockDataProcessor - INFO - Dataset contains 26790 rows and 7 unique tickers
2025-03-11 20:52:42,915 - StockDataProcessor - INFO - Step 2: Analyzing distributions
2025-03-11 20:52:42,916 - StockDataProcessor - INFO - Analyzing price column distributions
2025-03-11 20:52:43,018 - StockDataProcessor - INFO - Distribution analysis complete. Recommended normalization: minmax
2025-03-11 20:52:43,018 - StockDataProcessor - INFO - Normal distributions: 0.00%, Skewed distributions: 3.57%
2025-03-11 20:52:43,018 - StockDataProcessor - INFO - Step 3: Cleaning data
2025-03-11 20:52:43,018 - StockDataProcessor - INFO - Starting data cleaning process
2025-03-11 20:52:43,019 - StockDataProcessor - INFO - Handling invalid values
2025-03-11 20:52:43,033 - StockDataProcessor - INFO - Found 0 NaN values before cleaning
2025-03-11 20:52:43,034 - StockDataProcessor - INFO - Handling missing values using interpolate method (max consecutive: 3)
2025-03-11 20:52:43,058 - StockDataProcessor - INFO - Remaining NaN values after handling: 0
2025-03-11 20:52:43,063 - StockDataProcessor - INFO - Detecting and handling outliers
2025-03-11 20:52:43,083 - StockDataProcessor - ERROR - Error in processing pipeline: unhashable type: 'Series'
2025-03-11 20:52:43,118 - StockDataProcessor - ERROR - Traceback (most recent call last):
  File "D:\Google Drive\!_Projects\2025\Market Pattern Analysis AI Agent\MarketPatterns_AI\DataCleaningNormalization.py", line 1300, in process_pipeline
    self.cleaned_data = self.clean_data()
                        ~~~~~~~~~~~~~~~^^
  File "D:\Google Drive\!_Projects\2025\Market Pattern Analysis AI Agent\MarketPatterns_AI\DataCleaningNormalization.py", line 527, in clean_data
    cleaned = self._handle_outliers_efficiently(cleaned, ticker_groups, outlier_method)
  File "D:\Google Drive\!_Projects\2025\Market Pattern Analysis AI Agent\MarketPatterns_AI\DataCleaningNormalization.py", line 607, in _handle_outliers_efficiently
    result.loc[outlier_mask, col] = np.nan
    ~~~~~~~~~~^^^^^^^^^^^^^^^^^^^
  File "C:\Users\Yuters\AppData\Local\Programs\Python\Python313\Lib\site-packages\pandas\core\indexing.py", line 907, in __setitem__
    indexer = self._get_setitem_indexer(key)
  File "C:\Users\Yuters\AppData\Local\Programs\Python\Python313\Lib\site-packages\pandas\core\indexing.py", line 780, in _get_setitem_indexer
    return self._convert_to_indexer(key, axis=0)
           ~~~~~~~~~~~~~~~~~~~~~~~~^^^^^^^^^^^^^
  File "C:\Users\Yuters\AppData\Local\Programs\Python\Python313\Lib\site-packages\pandas\core\indexing.py", line 1522, in _convert_to_indexer
    return self._get_listlike_indexer(key, axis)[1]
           ~~~~~~~~~~~~~~~~~~~~~~~~~~^^^^^^^^^^^
  File "C:\Users\Yuters\AppData\Local\Programs\Python\Python313\Lib\site-packages\pandas\core\indexing.py", line 1558, in _get_listlike_indexer
    keyarr, indexer = ax._get_indexer_strict(key, axis_name)
                      ~~~~~~~~~~~~~~~~~~~~~~^^^^^^^^^^^^^^^^
  File "C:\Users\Yuters\AppData\Local\Programs\Python\Python313\Lib\site-packages\pandas\core\indexes\base.py", line 6195, in _get_indexer_strict
    indexer = self.get_indexer_for(keyarr)
  File "C:\Users\Yuters\AppData\Local\Programs\Python\Python313\Lib\site-packages\pandas\core\indexes\base.py", line 6182, in get_indexer_for
    return self.get_indexer(target)
           ~~~~~~~~~~~~~~~~^^^^^^^^
  File "C:\Users\Yuters\AppData\Local\Programs\Python\Python313\Lib\site-packages\pandas\core\indexes\base.py", line 3949, in get_indexer
    return this._get_indexer(
           ~~~~~~~~~~~~~~~~~^
        target, method=method, limit=limit, tolerance=tolerance
        ^^^^^^^^^^^^^^^^^^^^^^^^^^^^^^^^^^^^^^^^^^^^^^^^^^^^^^^
    )
    ^
  File "C:\Users\Yuters\AppData\Local\Programs\Python\Python313\Lib\site-packages\pandas\core\indexes\base.py", line 3980, in _get_indexer
    indexer = self._engine.get_indexer(tgt_values)
  File "index.pyx", line 351, in pandas._libs.index.IndexEngine.get_indexer
  File "pandas\\_libs\\hashtable_class_helper.pxi", line 7132, in pandas._libs.hashtable.PyObjectHashTable.lookup
TypeError: unhashable type: 'Series'

2025-03-11 20:56:42,891 - StockDataProcessor - INFO - StockDataProcessor initialized
2025-03-11 20:56:42,891 - StockDataProcessor - INFO - Step 1: Loading data
2025-03-11 20:56:42,891 - StockDataProcessor - INFO - Loading data from Fetched_Data\combined_sp500_all_data_5min.csv
2025-03-11 20:56:42,958 - StockDataProcessor - INFO - Will normalize the following columns: ['Open', 'High', 'Low', 'Close']
2025-03-11 20:56:42,984 - StockDataProcessor - INFO - Data loaded successfully: 26790 rows, 7 columns
2025-03-11 20:56:42,985 - StockDataProcessor - INFO - Columns: ['Datetime', 'Open', 'High', 'Low', 'Close', 'Volume', 'Ticker']
2025-03-11 20:56:42,985 - StockDataProcessor - INFO - Data types: {'Datetime': 'datetime64[ns]', 'Open': 'float64', 'High': 'float64', 'Low': 'float64', 'Close': 'float64', 'Volume': 'int64', 'Ticker': 'object'}
2025-03-11 20:56:42,985 - StockDataProcessor - INFO - No missing values detected
2025-03-11 20:56:42,985 - StockDataProcessor - INFO - Standardizing column names: {'Open': 'Open', 'High': 'High', 'Low': 'Low', 'Close': 'Close', 'Volume': 'Volume'}
2025-03-11 20:56:42,986 - StockDataProcessor - INFO - Detected price columns: ['Open', 'High', 'Low', 'Close']
2025-03-11 20:56:42,987 - StockDataProcessor - INFO - Dataset contains 26790 rows and 7 unique tickers
2025-03-11 20:56:42,987 - StockDataProcessor - INFO - Step 2: Analyzing distributions
2025-03-11 20:56:42,987 - StockDataProcessor - INFO - Analyzing price column distributions
2025-03-11 20:56:43,093 - StockDataProcessor - INFO - Distribution analysis complete. Recommended normalization: minmax
2025-03-11 20:56:43,093 - StockDataProcessor - INFO - Normal distributions: 0.00%, Skewed distributions: 3.57%
2025-03-11 20:56:43,093 - StockDataProcessor - INFO - Step 3: Cleaning data
2025-03-11 20:56:43,093 - StockDataProcessor - INFO - Starting data cleaning process
2025-03-11 20:56:43,095 - StockDataProcessor - INFO - Handling invalid values
2025-03-11 20:56:43,108 - StockDataProcessor - INFO - Found 0 NaN values before cleaning
2025-03-11 20:56:43,109 - StockDataProcessor - INFO - Handling missing values using interpolate method (max consecutive: 3)
2025-03-11 20:56:43,136 - StockDataProcessor - INFO - Remaining NaN values after handling: 0
2025-03-11 20:56:43,140 - StockDataProcessor - INFO - Detecting and handling outliers
2025-03-11 20:56:43,221 - StockDataProcessor - INFO - Detected 215 outliers using iqr method
2025-03-11 20:56:43,221 - StockDataProcessor - INFO - Outliers for AAPL: Open: 1, High: 5, Low: 7, Close: 1
2025-03-11 20:56:43,221 - StockDataProcessor - INFO - Outliers for AMZN: Low: 1
2025-03-11 20:56:43,222 - StockDataProcessor - INFO - Outliers for GOOGL: Open: 1, High: 3
2025-03-11 20:56:43,222 - StockDataProcessor - INFO - Outliers for MSFT: Open: 2, High: 21, Low: 15, Close: 1
2025-03-11 20:56:43,222 - StockDataProcessor - INFO - Outliers for NVDA: Open: 1, High: 11, Low: 3
2025-03-11 20:56:43,222 - StockDataProcessor - INFO - Outliers for TSLA: High: 7
2025-03-11 20:56:43,258 - StockDataProcessor - INFO - Cleaning complete. Removed 0 rows (0.00%)
2025-03-11 20:56:43,260 - StockDataProcessor - INFO - Step 4: Normalizing data
2025-03-11 20:56:43,279 - StockDataProcessor - INFO - Will normalize the following columns: ['Open', 'High', 'Low', 'Close']
2025-03-11 20:56:43,279 - StockDataProcessor - INFO - Normalizing price columns using minmax method
2025-03-11 20:56:43,375 - StockDataProcessor - INFO - Normalization complete
2025-03-11 20:56:43,375 - StockDataProcessor - INFO - Step 5: Generating statistics
2025-03-11 20:56:43,375 - StockDataProcessor - INFO - Generating summary statistics
2025-03-11 20:56:43,498 - StockDataProcessor - INFO - Statistics generation complete
2025-03-11 20:56:43,498 - StockDataProcessor - INFO - Total rows in final dataset: 26790
2025-03-11 20:56:43,498 - StockDataProcessor - INFO - Date range: 2025-02-10 11:00:00 to 2025-03-11 02:55:00
2025-03-11 20:56:43,498 - StockDataProcessor - INFO - AAPL: 3840 rows
2025-03-11 20:56:43,498 - StockDataProcessor - INFO - AMZN: 3840 rows
2025-03-11 20:56:43,498 - StockDataProcessor - INFO - GOOGL: 3840 rows
2025-03-11 20:56:43,499 - StockDataProcessor - INFO - META: 3840 rows
2025-03-11 20:56:43,499 - StockDataProcessor - INFO - MSFT: 3795 rows
2025-03-11 20:56:43,499 - StockDataProcessor - INFO - NVDA: 3840 rows
2025-03-11 20:56:43,499 - StockDataProcessor - INFO - TSLA: 3795 rows
2025-03-11 20:56:43,499 - StockDataProcessor - INFO - Step 6: Saving results
2025-03-11 20:56:43,499 - StockDataProcessor - INFO - Saving normalized data to Processed_Data\cleaned_normalized_data.csv
2025-03-11 20:56:44,047 - StockDataProcessor - INFO - Successfully saved 26790 rows to Processed_Data\cleaned_normalized_data.csv
2025-03-11 20:56:44,050 - StockDataProcessor - INFO - Saved statistics to Processed_Data\cleaned_normalized_data_stats.json
2025-03-11 20:56:44,050 - StockDataProcessor - INFO - Processing pipeline completed successfully. Results saved to Processed_Data\cleaned_normalized_data.csv
2025-03-11 21:10:35,909 - StockDataProcessor - INFO - StockDataProcessor initialized
2025-03-11 21:10:35,909 - StockDataProcessor - INFO - Step 1: Loading data
2025-03-11 21:10:35,909 - StockDataProcessor - INFO - Loading data from Fetched_Data\combined_sp500_all_data_5min.csv
2025-03-11 21:10:35,994 - StockDataProcessor - INFO - Will normalize the following columns: ['Open', 'High', 'Low', 'Close']
2025-03-11 21:10:36,027 - StockDataProcessor - INFO - Data loaded successfully: 26790 rows, 7 columns
2025-03-11 21:10:36,027 - StockDataProcessor - INFO - Columns: ['Datetime', 'Open', 'High', 'Low', 'Close', 'Volume', 'Ticker']
2025-03-11 21:10:36,027 - StockDataProcessor - INFO - Data types: {'Datetime': 'datetime64[ns]', 'Open': 'float64', 'High': 'float64', 'Low': 'float64', 'Close': 'float64', 'Volume': 'int64', 'Ticker': 'object'}
2025-03-11 21:10:36,027 - StockDataProcessor - INFO - No missing values detected
2025-03-11 21:10:36,027 - StockDataProcessor - INFO - Standardizing column names: {'Open': 'Open', 'High': 'High', 'Low': 'Low', 'Close': 'Close', 'Volume': 'Volume'}
2025-03-11 21:10:36,027 - StockDataProcessor - INFO - Detected price columns: ['Open', 'High', 'Low', 'Close']
2025-03-11 21:10:36,029 - StockDataProcessor - INFO - Dataset contains 26790 rows and 7 unique tickers
2025-03-11 21:10:36,029 - StockDataProcessor - INFO - Step 2: Analyzing distributions
2025-03-11 21:10:36,029 - StockDataProcessor - INFO - Analyzing price column distributions
2025-03-11 21:10:36,156 - StockDataProcessor - INFO - Distribution analysis complete. Recommended normalization: minmax
2025-03-11 21:10:36,156 - StockDataProcessor - INFO - Normal distributions: 0.00%, Skewed distributions: 3.57%
2025-03-11 21:10:36,156 - StockDataProcessor - INFO - Step 3: Cleaning data
2025-03-11 21:10:36,156 - StockDataProcessor - INFO - Starting data cleaning process
2025-03-11 21:10:36,157 - StockDataProcessor - INFO - Handling invalid values
2025-03-11 21:10:36,166 - StockDataProcessor - INFO - Found 0 NaN values before cleaning
2025-03-11 21:10:36,167 - StockDataProcessor - INFO - Handling missing values using interpolate method (max consecutive: 3)
2025-03-11 21:10:36,190 - StockDataProcessor - INFO - Remaining NaN values after handling: 0
2025-03-11 21:10:36,194 - StockDataProcessor - INFO - Detecting and handling outliers
2025-03-11 21:10:36,278 - StockDataProcessor - INFO - Detected 80 outliers using iqr method
2025-03-11 21:10:36,278 - StockDataProcessor - INFO - Outliers for AAPL: Open: 1, High: 5, Low: 7, Close: 1
2025-03-11 21:10:36,278 - StockDataProcessor - INFO - Outliers for AMZN: Low: 1
2025-03-11 21:10:36,278 - StockDataProcessor - INFO - Outliers for GOOGL: Open: 1, High: 3
2025-03-11 21:10:36,278 - StockDataProcessor - INFO - Outliers for MSFT: Open: 2, High: 21, Low: 15, Close: 1
2025-03-11 21:10:36,279 - StockDataProcessor - INFO - Outliers for NVDA: Open: 1, High: 11, Low: 3
2025-03-11 21:10:36,279 - StockDataProcessor - INFO - Outliers for TSLA: High: 7
2025-03-11 21:10:36,322 - StockDataProcessor - INFO - Cleaning complete. Removed 0 rows (0.00%)
2025-03-11 21:10:36,323 - StockDataProcessor - INFO - Step 4: Normalizing data
2025-03-11 21:10:36,352 - StockDataProcessor - INFO - Will normalize the following columns: ['Open', 'High', 'Low', 'Close']
2025-03-11 21:10:36,352 - StockDataProcessor - INFO - Normalizing price columns using minmax method
2025-03-11 21:10:36,437 - StockDataProcessor - INFO - Normalization complete
2025-03-11 21:10:36,437 - StockDataProcessor - INFO - Step 5: Generating statistics
2025-03-11 21:10:36,437 - StockDataProcessor - INFO - Generating summary statistics
2025-03-11 21:10:36,561 - StockDataProcessor - INFO - Statistics generation complete
2025-03-11 21:10:36,562 - StockDataProcessor - INFO - Total rows in final dataset: 26790
2025-03-11 21:10:36,562 - StockDataProcessor - INFO - Date range: 2025-02-10 11:00:00 to 2025-03-11 02:55:00
2025-03-11 21:10:36,562 - StockDataProcessor - INFO - AAPL: 3840 rows
2025-03-11 21:10:36,562 - StockDataProcessor - INFO - AMZN: 3840 rows
2025-03-11 21:10:36,562 - StockDataProcessor - INFO - GOOGL: 3840 rows
2025-03-11 21:10:36,562 - StockDataProcessor - INFO - META: 3840 rows
2025-03-11 21:10:36,562 - StockDataProcessor - INFO - MSFT: 3795 rows
2025-03-11 21:10:36,562 - StockDataProcessor - INFO - NVDA: 3840 rows
2025-03-11 21:10:36,563 - StockDataProcessor - INFO - TSLA: 3795 rows
2025-03-11 21:10:36,563 - StockDataProcessor - INFO - Step 6: Saving results
2025-03-11 21:10:36,563 - StockDataProcessor - INFO - Saving normalized data to Processed_Data\cleaned_normalized_data.csv
2025-03-11 21:10:36,930 - StockDataProcessor - INFO - Successfully saved 26790 rows to Processed_Data\cleaned_normalized_data.csv
2025-03-11 21:10:36,934 - StockDataProcessor - INFO - Saved statistics to Processed_Data\cleaned_normalized_data_stats.json
2025-03-11 21:10:36,934 - StockDataProcessor - INFO - Processing pipeline completed successfully. Results saved to Processed_Data\cleaned_normalized_data.csv
2025-03-11 21:21:02,910 - StockDataProcessor - INFO - StockDataProcessor initialized
2025-03-11 21:21:02,910 - StockDataProcessor - INFO - Step 1: Loading data
2025-03-11 21:21:02,910 - StockDataProcessor - INFO - Loading data from Fetched_Data\combined_sp500_all_data_5min.csv
2025-03-11 21:21:02,978 - StockDataProcessor - INFO - Will normalize the following columns: ['Open', 'High', 'Low', 'Close']
2025-03-11 21:21:03,007 - StockDataProcessor - INFO - Data loaded successfully: 26790 rows, 7 columns
2025-03-11 21:21:03,007 - StockDataProcessor - INFO - Columns: ['Datetime', 'Open', 'High', 'Low', 'Close', 'Volume', 'Ticker']
2025-03-11 21:21:03,007 - StockDataProcessor - INFO - Data types: {'Datetime': 'datetime64[ns]', 'Open': 'float64', 'High': 'float64', 'Low': 'float64', 'Close': 'float64', 'Volume': 'int64', 'Ticker': 'object'}
2025-03-11 21:21:03,007 - StockDataProcessor - INFO - No missing values detected
2025-03-11 21:21:03,007 - StockDataProcessor - INFO - Standardizing column names: {'Open': 'Open', 'High': 'High', 'Low': 'Low', 'Close': 'Close', 'Volume': 'Volume'}
2025-03-11 21:21:03,008 - StockDataProcessor - INFO - Detected price columns: ['Open', 'High', 'Low', 'Close']
2025-03-11 21:21:03,010 - StockDataProcessor - INFO - Dataset contains 26790 rows and 7 unique tickers
2025-03-11 21:21:03,010 - StockDataProcessor - INFO - Step 2: Analyzing distributions
2025-03-11 21:21:03,010 - StockDataProcessor - INFO - Analyzing price column distributions
2025-03-11 21:21:03,138 - StockDataProcessor - INFO - Distribution analysis complete. Recommended normalization: minmax
2025-03-11 21:21:03,138 - StockDataProcessor - INFO - Normal distributions: 0.00%, Skewed distributions: 3.57%
2025-03-11 21:21:03,139 - StockDataProcessor - INFO - Step 3: Cleaning data
2025-03-11 21:21:03,139 - StockDataProcessor - INFO - Starting data cleaning process
2025-03-11 21:21:03,140 - StockDataProcessor - INFO - Handling invalid values
2025-03-11 21:21:03,152 - StockDataProcessor - INFO - Found 0 NaN values before cleaning
2025-03-11 21:21:03,152 - StockDataProcessor - INFO - Handling missing values using interpolate method (max consecutive: 3)
2025-03-11 21:21:03,173 - StockDataProcessor - INFO - Remaining NaN values after handling: 0
2025-03-11 21:21:03,178 - StockDataProcessor - INFO - Detecting and handling outliers
2025-03-11 21:21:03,260 - StockDataProcessor - INFO - Detected 80 outliers using iqr method
2025-03-11 21:21:03,260 - StockDataProcessor - INFO - Outliers for AAPL: Open: 1, High: 5, Low: 7, Close: 1
2025-03-11 21:21:03,260 - StockDataProcessor - INFO - Outliers for AMZN: Low: 1
2025-03-11 21:21:03,260 - StockDataProcessor - INFO - Outliers for GOOGL: Open: 1, High: 3
2025-03-11 21:21:03,260 - StockDataProcessor - INFO - Outliers for MSFT: Open: 2, High: 21, Low: 15, Close: 1
2025-03-11 21:21:03,260 - StockDataProcessor - INFO - Outliers for NVDA: Open: 1, High: 11, Low: 3
2025-03-11 21:21:03,260 - StockDataProcessor - INFO - Outliers for TSLA: High: 7
2025-03-11 21:21:03,293 - StockDataProcessor - INFO - Cleaning complete. Removed 0 rows (0.00%)
2025-03-11 21:21:03,294 - StockDataProcessor - INFO - Step 4: Normalizing data
2025-03-11 21:21:03,311 - StockDataProcessor - INFO - Will normalize the following columns: ['Open', 'High', 'Low', 'Close']
2025-03-11 21:21:03,311 - StockDataProcessor - INFO - Normalizing price columns using minmax method
2025-03-11 21:21:03,383 - StockDataProcessor - INFO - Normalization complete
2025-03-11 21:21:03,384 - StockDataProcessor - INFO - Step 5: Generating statistics
2025-03-11 21:21:03,384 - StockDataProcessor - INFO - Generating summary statistics
2025-03-11 21:21:03,502 - StockDataProcessor - INFO - Statistics generation complete
2025-03-11 21:21:03,502 - StockDataProcessor - INFO - Total rows in final dataset: 26790
2025-03-11 21:21:03,502 - StockDataProcessor - INFO - Date range: 2025-02-10 11:00:00 to 2025-03-11 02:55:00
2025-03-11 21:21:03,502 - StockDataProcessor - INFO - AAPL: 3840 rows
2025-03-11 21:21:03,502 - StockDataProcessor - INFO - AMZN: 3840 rows
2025-03-11 21:21:03,502 - StockDataProcessor - INFO - GOOGL: 3840 rows
2025-03-11 21:21:03,503 - StockDataProcessor - INFO - META: 3840 rows
2025-03-11 21:21:03,503 - StockDataProcessor - INFO - MSFT: 3795 rows
2025-03-11 21:21:03,503 - StockDataProcessor - INFO - NVDA: 3840 rows
2025-03-11 21:21:03,503 - StockDataProcessor - INFO - TSLA: 3795 rows
2025-03-11 21:21:03,503 - StockDataProcessor - INFO - Step 6: Saving results
2025-03-11 21:21:03,503 - StockDataProcessor - INFO - Saving normalized data to Processed_Data\cleaned_normalized_data.csv
2025-03-11 21:21:03,850 - StockDataProcessor - INFO - Successfully saved 26790 rows to Processed_Data\cleaned_normalized_data.csv
2025-03-11 21:21:03,853 - StockDataProcessor - INFO - Saved statistics to Processed_Data\cleaned_normalized_data_stats.json
2025-03-11 21:21:03,853 - StockDataProcessor - INFO - Processing pipeline completed successfully. Results saved to Processed_Data\cleaned_normalized_data.csv
2025-03-12 06:51:53,243 - StockDataProcessor - INFO - StockDataProcessor initialized
2025-03-12 06:51:53,243 - StockDataProcessor - INFO - Step 1: Loading data
2025-03-12 06:51:53,243 - StockDataProcessor - INFO - Loading data from Fetched_Data\combined_sp500_all_data_5min.csv
2025-03-12 06:51:53,302 - StockDataProcessor - INFO - Will normalize the following columns: ['Open', 'High', 'Low', 'Close']
2025-03-12 06:51:53,327 - StockDataProcessor - INFO - Data loaded successfully: 28134 rows, 7 columns
2025-03-12 06:51:53,327 - StockDataProcessor - INFO - Columns: ['Datetime', 'Open', 'High', 'Low', 'Close', 'Volume', 'Ticker']
2025-03-12 06:51:53,327 - StockDataProcessor - INFO - Data types: {'Datetime': 'datetime64[ns]', 'Open': 'float64', 'High': 'float64', 'Low': 'float64', 'Close': 'float64', 'Volume': 'int64', 'Ticker': 'object'}
2025-03-12 06:51:53,327 - StockDataProcessor - INFO - No missing values detected
2025-03-12 06:51:53,327 - StockDataProcessor - INFO - Standardizing column names: {'Open': 'Open', 'High': 'High', 'Low': 'Low', 'Close': 'Close', 'Volume': 'Volume'}
2025-03-12 06:51:53,328 - StockDataProcessor - INFO - Detected price columns: ['Open', 'High', 'Low', 'Close']
2025-03-12 06:51:53,329 - StockDataProcessor - INFO - Dataset contains 28134 rows and 7 unique tickers
2025-03-12 06:51:53,329 - StockDataProcessor - INFO - Step 2: Analyzing distributions
2025-03-12 06:51:53,329 - StockDataProcessor - INFO - Analyzing price column distributions
2025-03-12 06:51:53,410 - StockDataProcessor - INFO - Distribution analysis complete. Recommended normalization: minmax
2025-03-12 06:51:53,410 - StockDataProcessor - INFO - Normal distributions: 0.00%, Skewed distributions: 3.57%
2025-03-12 06:51:53,410 - StockDataProcessor - INFO - Step 3: Cleaning data
2025-03-12 06:51:53,411 - StockDataProcessor - INFO - Starting data cleaning process
2025-03-12 06:51:53,412 - StockDataProcessor - INFO - Handling invalid values
2025-03-12 06:51:53,417 - StockDataProcessor - INFO - Found 0 NaN values before cleaning
2025-03-12 06:51:53,418 - StockDataProcessor - INFO - Handling missing values using interpolate method (max consecutive: 3)
2025-03-12 06:51:53,431 - StockDataProcessor - INFO - Remaining NaN values after handling: 0
2025-03-12 06:51:53,434 - StockDataProcessor - INFO - Detecting and handling outliers
2025-03-12 06:51:53,525 - StockDataProcessor - INFO - Detected 210 outliers using iqr method
2025-03-12 06:51:53,526 - StockDataProcessor - INFO - Outliers for AAPL: Open: 28, High: 59, Low: 35, Close: 29
2025-03-12 06:51:53,526 - StockDataProcessor - INFO - Outliers for AMZN: Low: 1
2025-03-12 06:51:53,526 - StockDataProcessor - INFO - Outliers for GOOGL: Open: 1, High: 3
2025-03-12 06:51:53,527 - StockDataProcessor - INFO - Outliers for MSFT: High: 20, Low: 11, Close: 1
2025-03-12 06:51:53,527 - StockDataProcessor - INFO - Outliers for NVDA: Open: 1, High: 11, Low: 3
2025-03-12 06:51:53,527 - StockDataProcessor - INFO - Outliers for TSLA: High: 7
2025-03-12 06:51:53,571 - StockDataProcessor - INFO - Cleaning complete. Removed 0 rows (0.00%)
2025-03-12 06:51:53,572 - StockDataProcessor - INFO - Step 4: Normalizing data
2025-03-12 06:51:53,588 - StockDataProcessor - INFO - Will normalize the following columns: ['Open', 'High', 'Low', 'Close']
2025-03-12 06:51:53,588 - StockDataProcessor - INFO - Normalizing price columns using minmax method
2025-03-12 06:51:53,633 - StockDataProcessor - INFO - Normalization complete
2025-03-12 06:51:53,633 - StockDataProcessor - INFO - Step 5: Generating statistics
2025-03-12 06:51:53,634 - StockDataProcessor - INFO - Generating summary statistics
2025-03-12 06:51:53,716 - StockDataProcessor - INFO - Statistics generation complete
2025-03-12 06:51:53,717 - StockDataProcessor - INFO - Total rows in final dataset: 28134
2025-03-12 06:51:53,717 - StockDataProcessor - INFO - Date range: 2025-02-10 11:00:00 to 2025-03-12 02:55:00
2025-03-12 06:51:53,717 - StockDataProcessor - INFO - AAPL: 4032 rows
2025-03-12 06:51:53,717 - StockDataProcessor - INFO - AMZN: 4032 rows
2025-03-12 06:51:53,717 - StockDataProcessor - INFO - GOOGL: 4032 rows
2025-03-12 06:51:53,717 - StockDataProcessor - INFO - META: 4032 rows
2025-03-12 06:51:53,717 - StockDataProcessor - INFO - MSFT: 3987 rows
2025-03-12 06:51:53,717 - StockDataProcessor - INFO - NVDA: 4032 rows
2025-03-12 06:51:53,717 - StockDataProcessor - INFO - TSLA: 3987 rows
2025-03-12 06:51:53,717 - StockDataProcessor - INFO - Step 6: Saving results
2025-03-12 06:51:53,718 - StockDataProcessor - INFO - Saving normalized data to Processed_Data\cleaned_normalized_data.csv
2025-03-12 06:51:54,044 - StockDataProcessor - INFO - Successfully saved 28134 rows to Processed_Data\cleaned_normalized_data.csv
2025-03-12 06:51:54,050 - StockDataProcessor - INFO - Saved statistics to Processed_Data\cleaned_normalized_data_stats.json
2025-03-12 06:51:54,051 - StockDataProcessor - INFO - Processing pipeline completed successfully. Results saved to Processed_Data\cleaned_normalized_data.csv
2025-03-13 04:01:56,339 - StockDataProcessor - INFO - StockDataProcessor initialized
2025-03-13 04:01:56,340 - StockDataProcessor - INFO - Step 1: Loading data
2025-03-13 04:01:56,340 - StockDataProcessor - INFO - Loading data from Fetched_Data\combined_sp500_all_data_5min.csv
2025-03-13 04:01:56,417 - StockDataProcessor - INFO - Will normalize the following columns: ['Open', 'High', 'Low', 'Close']
2025-03-13 04:01:56,457 - StockDataProcessor - INFO - Data loaded successfully: 29478 rows, 7 columns
2025-03-13 04:01:56,457 - StockDataProcessor - INFO - Columns: ['Datetime', 'Open', 'High', 'Low', 'Close', 'Volume', 'Ticker']
2025-03-13 04:01:56,457 - StockDataProcessor - INFO - Data types: {'Datetime': 'datetime64[ns]', 'Open': 'float64', 'High': 'float64', 'Low': 'float64', 'Close': 'float64', 'Volume': 'int64', 'Ticker': 'object'}
2025-03-13 04:01:56,458 - StockDataProcessor - INFO - No missing values detected
2025-03-13 04:01:56,458 - StockDataProcessor - INFO - Standardizing column names: {'Open': 'Open', 'High': 'High', 'Low': 'Low', 'Close': 'Close', 'Volume': 'Volume'}
2025-03-13 04:01:56,458 - StockDataProcessor - INFO - Detected price columns: ['Open', 'High', 'Low', 'Close']
2025-03-13 04:01:56,461 - StockDataProcessor - INFO - Dataset contains 29478 rows and 7 unique tickers
2025-03-13 04:01:56,461 - StockDataProcessor - INFO - Step 2: Analyzing distributions
2025-03-13 04:01:56,461 - StockDataProcessor - INFO - Analyzing price column distributions
2025-03-13 04:01:56,604 - StockDataProcessor - INFO - Distribution analysis complete. Recommended normalization: minmax
2025-03-13 04:01:56,604 - StockDataProcessor - INFO - Normal distributions: 0.00%, Skewed distributions: 3.57%
2025-03-13 04:01:56,604 - StockDataProcessor - INFO - Step 3: Cleaning data
2025-03-13 04:01:56,604 - StockDataProcessor - INFO - Starting data cleaning process
2025-03-13 04:01:56,605 - StockDataProcessor - INFO - Handling invalid values
2025-03-13 04:01:56,618 - StockDataProcessor - INFO - Found 0 NaN values before cleaning
2025-03-13 04:01:56,618 - StockDataProcessor - INFO - Handling missing values using interpolate method (max consecutive: 3)
2025-03-13 04:01:56,645 - StockDataProcessor - INFO - Remaining NaN values after handling: 0
2025-03-13 04:01:56,649 - StockDataProcessor - INFO - Detecting and handling outliers
2025-03-13 04:01:56,733 - StockDataProcessor - INFO - Detected 589 outliers using iqr method
2025-03-13 04:01:56,733 - StockDataProcessor - INFO - Outliers for AAPL: Open: 134, High: 134, Low: 139, Close: 134
2025-03-13 04:01:56,733 - StockDataProcessor - INFO - Outliers for AMZN: Low: 1
2025-03-13 04:01:56,733 - StockDataProcessor - INFO - Outliers for GOOGL: Open: 1, High: 3
2025-03-13 04:01:56,733 - StockDataProcessor - INFO - Outliers for MSFT: High: 17, Low: 7
2025-03-13 04:01:56,734 - StockDataProcessor - INFO - Outliers for NVDA: Open: 1, High: 10, Low: 3
2025-03-13 04:01:56,734 - StockDataProcessor - INFO - Outliers for TSLA: High: 5
2025-03-13 04:01:56,780 - StockDataProcessor - INFO - Cleaning complete. Removed 0 rows (0.00%)
2025-03-13 04:01:56,782 - StockDataProcessor - INFO - Step 4: Normalizing data
2025-03-13 04:01:56,810 - StockDataProcessor - INFO - Will normalize the following columns: ['Open', 'High', 'Low', 'Close']
2025-03-13 04:01:56,810 - StockDataProcessor - INFO - Normalizing price columns using minmax method
2025-03-13 04:01:56,908 - StockDataProcessor - INFO - Normalization complete
2025-03-13 04:01:56,908 - StockDataProcessor - INFO - Step 5: Generating statistics
2025-03-13 04:01:56,908 - StockDataProcessor - INFO - Generating summary statistics
2025-03-13 04:01:57,058 - StockDataProcessor - INFO - Statistics generation complete
2025-03-13 04:01:57,058 - StockDataProcessor - INFO - Total rows in final dataset: 29478
2025-03-13 04:01:57,058 - StockDataProcessor - INFO - Date range: 2025-02-10 11:00:00 to 2025-03-13 02:55:00
2025-03-13 04:01:57,058 - StockDataProcessor - INFO - AAPL: 4224 rows
2025-03-13 04:01:57,059 - StockDataProcessor - INFO - AMZN: 4224 rows
2025-03-13 04:01:57,059 - StockDataProcessor - INFO - GOOGL: 4224 rows
2025-03-13 04:01:57,059 - StockDataProcessor - INFO - META: 4224 rows
2025-03-13 04:01:57,059 - StockDataProcessor - INFO - MSFT: 4179 rows
2025-03-13 04:01:57,059 - StockDataProcessor - INFO - NVDA: 4224 rows
2025-03-13 04:01:57,059 - StockDataProcessor - INFO - TSLA: 4179 rows
2025-03-13 04:01:57,059 - StockDataProcessor - INFO - Step 6: Saving results
2025-03-13 04:01:57,060 - StockDataProcessor - INFO - Saving normalized data to Processed_Data\cleaned_normalized_data.csv
2025-03-13 04:01:57,437 - StockDataProcessor - INFO - Successfully saved 29478 rows to Processed_Data\cleaned_normalized_data.csv
2025-03-13 04:01:57,441 - StockDataProcessor - INFO - Saved statistics to Processed_Data\cleaned_normalized_data_stats.json
2025-03-13 04:01:57,441 - StockDataProcessor - INFO - Processing pipeline completed successfully. Results saved to Processed_Data\cleaned_normalized_data.csv
2025-03-15 21:03:35,570 - StockDataProcessor - INFO - StockDataProcessor initialized
2025-03-15 21:03:35,570 - StockDataProcessor - INFO - Step 1: Loading data
2025-03-15 21:03:35,570 - StockDataProcessor - INFO - Loading data from Fetched_Data\combined_sp500_all_data_5min.csv
2025-03-15 21:03:35,642 - StockDataProcessor - INFO - Will normalize the following columns: ['Open', 'High', 'Low', 'Close']
2025-03-15 21:03:35,672 - StockDataProcessor - INFO - Data loaded successfully: 32166 rows, 7 columns
2025-03-15 21:03:35,673 - StockDataProcessor - INFO - Columns: ['Datetime', 'Open', 'High', 'Low', 'Close', 'Volume', 'Ticker']
2025-03-15 21:03:35,673 - StockDataProcessor - INFO - Data types: {'Datetime': 'datetime64[ns]', 'Open': 'float64', 'High': 'float64', 'Low': 'float64', 'Close': 'float64', 'Volume': 'int64', 'Ticker': 'object'}
2025-03-15 21:03:35,673 - StockDataProcessor - INFO - No missing values detected
2025-03-15 21:03:35,673 - StockDataProcessor - INFO - Standardizing column names: {'Open': 'Open', 'High': 'High', 'Low': 'Low', 'Close': 'Close', 'Volume': 'Volume'}
2025-03-15 21:03:35,674 - StockDataProcessor - INFO - Detected price columns: ['Open', 'High', 'Low', 'Close']
2025-03-15 21:03:35,675 - StockDataProcessor - INFO - Dataset contains 32166 rows and 7 unique tickers
2025-03-15 21:03:35,675 - StockDataProcessor - INFO - Step 2: Analyzing distributions
2025-03-15 21:03:35,675 - StockDataProcessor - INFO - Analyzing price column distributions
2025-03-15 21:03:35,776 - StockDataProcessor - INFO - Distribution analysis complete. Recommended normalization: minmax
2025-03-15 21:03:35,776 - StockDataProcessor - INFO - Normal distributions: 0.00%, Skewed distributions: 3.57%
2025-03-15 21:03:35,777 - StockDataProcessor - INFO - Step 3: Cleaning data
2025-03-15 21:03:35,777 - StockDataProcessor - INFO - Starting data cleaning process
2025-03-15 21:03:35,778 - StockDataProcessor - INFO - Handling invalid values
2025-03-15 21:03:35,788 - StockDataProcessor - INFO - Found 0 NaN values before cleaning
2025-03-15 21:03:35,788 - StockDataProcessor - INFO - Handling missing values using interpolate method (max consecutive: 3)
2025-03-15 21:03:35,807 - StockDataProcessor - INFO - Remaining NaN values after handling: 0
2025-03-15 21:03:35,811 - StockDataProcessor - INFO - Detecting and handling outliers
2025-03-15 21:03:35,875 - StockDataProcessor - INFO - Detected 202 outliers using iqr method
2025-03-15 21:03:35,875 - StockDataProcessor - INFO - Outliers for AAPL: Open: 4, High: 148, Low: 2, Close: 4
2025-03-15 21:03:35,875 - StockDataProcessor - INFO - Outliers for GOOGL: Open: 1, High: 2
2025-03-15 21:03:35,875 - StockDataProcessor - INFO - Outliers for MSFT: High: 12, Low: 4
2025-03-15 21:03:35,875 - StockDataProcessor - INFO - Outliers for NVDA: Open: 1, High: 14, Low: 5
2025-03-15 21:03:35,875 - StockDataProcessor - INFO - Outliers for TSLA: High: 5
2025-03-15 21:03:35,906 - StockDataProcessor - INFO - Cleaning complete. Removed 0 rows (0.00%)
2025-03-15 21:03:35,907 - StockDataProcessor - INFO - Step 4: Normalizing data
2025-03-15 21:03:35,926 - StockDataProcessor - INFO - Will normalize the following columns: ['Open', 'High', 'Low', 'Close']
2025-03-15 21:03:35,926 - StockDataProcessor - INFO - Normalizing price columns using minmax method
2025-03-15 21:03:35,975 - StockDataProcessor - INFO - Normalization complete
2025-03-15 21:03:35,975 - StockDataProcessor - INFO - Step 5: Generating statistics
2025-03-15 21:03:35,975 - StockDataProcessor - INFO - Generating summary statistics
2025-03-15 21:03:36,132 - StockDataProcessor - INFO - Statistics generation complete
2025-03-15 21:03:36,132 - StockDataProcessor - INFO - Total rows in final dataset: 32166
2025-03-15 21:03:36,132 - StockDataProcessor - INFO - Date range: 2025-02-10 11:00:00 to 2025-03-15 02:55:00
2025-03-15 21:03:36,132 - StockDataProcessor - INFO - AAPL: 4608 rows
2025-03-15 21:03:36,132 - StockDataProcessor - INFO - AMZN: 4608 rows
2025-03-15 21:03:36,132 - StockDataProcessor - INFO - GOOGL: 4608 rows
2025-03-15 21:03:36,132 - StockDataProcessor - INFO - META: 4608 rows
2025-03-15 21:03:36,132 - StockDataProcessor - INFO - MSFT: 4563 rows
2025-03-15 21:03:36,132 - StockDataProcessor - INFO - NVDA: 4608 rows
2025-03-15 21:03:36,132 - StockDataProcessor - INFO - TSLA: 4563 rows
2025-03-15 21:03:36,132 - StockDataProcessor - INFO - Step 6: Saving results
2025-03-15 21:03:36,133 - StockDataProcessor - INFO - Saving normalized data to Processed_Data\cleaned_normalized_data.csv
2025-03-15 21:03:36,501 - StockDataProcessor - INFO - Successfully saved 32166 rows to Processed_Data\cleaned_normalized_data.csv
2025-03-15 21:03:36,505 - StockDataProcessor - INFO - Saved statistics to Processed_Data\cleaned_normalized_data_stats.json
2025-03-15 21:03:36,505 - StockDataProcessor - INFO - Processing pipeline completed successfully. Results saved to Processed_Data\cleaned_normalized_data.csv
2025-03-18 07:03:42,984 - StockDataProcessor - INFO - StockDataProcessor initialized
2025-03-18 07:03:42,984 - StockDataProcessor - INFO - Step 1: Loading data
2025-03-18 07:03:42,984 - StockDataProcessor - INFO - Loading data from Fetched_Data\combined_sp500_all_data_5min.csv
2025-03-18 07:03:43,063 - StockDataProcessor - INFO - Will normalize the following columns: ['Open', 'High', 'Low', 'Close']
2025-03-18 07:03:43,103 - StockDataProcessor - INFO - Data loaded successfully: 33510 rows, 7 columns
2025-03-18 07:03:43,103 - StockDataProcessor - INFO - Columns: ['Datetime', 'Open', 'High', 'Low', 'Close', 'Volume', 'Ticker']
2025-03-18 07:03:43,103 - StockDataProcessor - INFO - Data types: {'Datetime': 'datetime64[ns]', 'Open': 'float64', 'High': 'float64', 'Low': 'float64', 'Close': 'float64', 'Volume': 'int64', 'Ticker': 'object'}
2025-03-18 07:03:43,103 - StockDataProcessor - INFO - No missing values detected
2025-03-18 07:03:43,103 - StockDataProcessor - INFO - Standardizing column names: {'Open': 'Open', 'High': 'High', 'Low': 'Low', 'Close': 'Close', 'Volume': 'Volume'}
2025-03-18 07:03:43,103 - StockDataProcessor - INFO - Detected price columns: ['Open', 'High', 'Low', 'Close']
2025-03-18 07:03:43,105 - StockDataProcessor - INFO - Dataset contains 33510 rows and 7 unique tickers
2025-03-18 07:03:43,105 - StockDataProcessor - INFO - Step 2: Analyzing distributions
2025-03-18 07:03:43,105 - StockDataProcessor - INFO - Analyzing price column distributions
2025-03-18 07:03:43,222 - StockDataProcessor - INFO - Distribution analysis complete. Recommended normalization: minmax
2025-03-18 07:03:43,223 - StockDataProcessor - INFO - Normal distributions: 0.00%, Skewed distributions: 3.57%
2025-03-18 07:03:43,223 - StockDataProcessor - INFO - Step 3: Cleaning data
2025-03-18 07:03:43,223 - StockDataProcessor - INFO - Starting data cleaning process
2025-03-18 07:03:43,225 - StockDataProcessor - INFO - Handling invalid values
2025-03-18 07:03:43,234 - StockDataProcessor - INFO - Found 0 NaN values before cleaning
2025-03-18 07:03:43,235 - StockDataProcessor - INFO - Handling missing values using interpolate method (max consecutive: 3)
2025-03-18 07:03:43,253 - StockDataProcessor - INFO - Remaining NaN values after handling: 0
2025-03-18 07:03:43,259 - StockDataProcessor - INFO - Detecting and handling outliers
2025-03-18 07:03:43,332 - StockDataProcessor - INFO - Detected 45 outliers using iqr method
2025-03-18 07:03:43,332 - StockDataProcessor - INFO - Outliers for AAPL: Low: 2
2025-03-18 07:03:43,333 - StockDataProcessor - INFO - Outliers for GOOGL: Open: 1, High: 2
2025-03-18 07:03:43,333 - StockDataProcessor - INFO - Outliers for MSFT: High: 12, Low: 3
2025-03-18 07:03:43,333 - StockDataProcessor - INFO - Outliers for NVDA: Open: 1, High: 14, Low: 5
2025-03-18 07:03:43,333 - StockDataProcessor - INFO - Outliers for TSLA: High: 5
2025-03-18 07:03:43,374 - StockDataProcessor - INFO - Cleaning complete. Removed 0 rows (0.00%)
2025-03-18 07:03:43,376 - StockDataProcessor - INFO - Step 4: Normalizing data
2025-03-18 07:03:43,402 - StockDataProcessor - INFO - Will normalize the following columns: ['Open', 'High', 'Low', 'Close']
2025-03-18 07:03:43,403 - StockDataProcessor - INFO - Normalizing price columns using minmax method
2025-03-18 07:03:43,520 - StockDataProcessor - INFO - Normalization complete
2025-03-18 07:03:43,520 - StockDataProcessor - INFO - Step 5: Generating statistics
2025-03-18 07:03:43,520 - StockDataProcessor - INFO - Generating summary statistics
2025-03-18 07:03:43,548 - StockDataProcessor - ERROR - Error in processing pipeline: 'module' object is not subscriptable
2025-03-18 07:03:43,552 - StockDataProcessor - ERROR - Traceback (most recent call last):
  File "D:\Google Drive\!_Projects\2025\Market Pattern Analysis AI Agent\MarketPatterns_AI\DataCleaningNormalization.py", line 1243, in process_pipeline
    self.generate_statistics()
    ~~~~~~~~~~~~~~~~~~~~~~~~^^
  File "D:\Google Drive\!_Projects\2025\Market Pattern Analysis AI Agent\MarketPatterns_AI\DataCleaningNormalization.py", line 1109, in generate_statistics
    stats["ticker_stats"][ticker] = ticker_stats
    ~~~~~^^^^^^^^^^^^^^^^
TypeError: 'module' object is not subscriptable

2025-03-18 07:08:53,116 - StockDataProcessor - INFO - StockDataProcessor initialized
2025-03-18 07:08:53,116 - StockDataProcessor - INFO - Step 1: Loading data
2025-03-18 07:08:53,116 - StockDataProcessor - INFO - Loading data from Fetched_Data\combined_sp500_all_data_5min.csv
2025-03-18 07:08:53,206 - StockDataProcessor - INFO - Will normalize the following columns: ['Open', 'High', 'Low', 'Close']
2025-03-18 07:08:53,238 - StockDataProcessor - INFO - Data loaded successfully: 33510 rows, 7 columns
2025-03-18 07:08:53,238 - StockDataProcessor - INFO - Columns: ['Datetime', 'Open', 'High', 'Low', 'Close', 'Volume', 'Ticker']
2025-03-18 07:08:53,238 - StockDataProcessor - INFO - Data types: {'Datetime': 'datetime64[ns]', 'Open': 'float64', 'High': 'float64', 'Low': 'float64', 'Close': 'float64', 'Volume': 'int64', 'Ticker': 'object'}
2025-03-18 07:08:53,239 - StockDataProcessor - INFO - No missing values detected
2025-03-18 07:08:53,239 - StockDataProcessor - INFO - Standardizing column names: {'Open': 'Open', 'High': 'High', 'Low': 'Low', 'Close': 'Close', 'Volume': 'Volume'}
2025-03-18 07:08:53,239 - StockDataProcessor - INFO - Detected price columns: ['Open', 'High', 'Low', 'Close']
2025-03-18 07:08:53,241 - StockDataProcessor - INFO - Dataset contains 33510 rows and 7 unique tickers
2025-03-18 07:08:53,241 - StockDataProcessor - INFO - Step 2: Analyzing distributions
2025-03-18 07:08:53,241 - StockDataProcessor - INFO - Analyzing price column distributions
2025-03-18 07:08:53,357 - StockDataProcessor - INFO - Distribution analysis complete. Recommended normalization: minmax
2025-03-18 07:08:53,357 - StockDataProcessor - INFO - Normal distributions: 0.00%, Skewed distributions: 3.57%
2025-03-18 07:08:53,358 - StockDataProcessor - INFO - Step 3: Cleaning data
2025-03-18 07:08:53,358 - StockDataProcessor - INFO - Starting data cleaning process
2025-03-18 07:08:53,359 - StockDataProcessor - INFO - Handling invalid values
2025-03-18 07:08:53,369 - StockDataProcessor - INFO - Found 0 NaN values before cleaning
2025-03-18 07:08:53,369 - StockDataProcessor - INFO - Handling missing values using interpolate method (max consecutive: 3)
2025-03-18 07:08:53,386 - StockDataProcessor - INFO - Remaining NaN values after handling: 0
2025-03-18 07:08:53,389 - StockDataProcessor - INFO - Detecting and handling outliers
2025-03-18 07:08:53,450 - StockDataProcessor - INFO - Detected 45 outliers using iqr method
2025-03-18 07:08:53,450 - StockDataProcessor - INFO - Outliers for AAPL: Low: 2
2025-03-18 07:08:53,450 - StockDataProcessor - INFO - Outliers for GOOGL: Open: 1, High: 2
2025-03-18 07:08:53,451 - StockDataProcessor - INFO - Outliers for MSFT: High: 12, Low: 3
2025-03-18 07:08:53,451 - StockDataProcessor - INFO - Outliers for NVDA: Open: 1, High: 14, Low: 5
2025-03-18 07:08:53,451 - StockDataProcessor - INFO - Outliers for TSLA: High: 5
2025-03-18 07:08:53,480 - StockDataProcessor - INFO - Cleaning complete. Removed 0 rows (0.00%)
2025-03-18 07:08:53,481 - StockDataProcessor - INFO - Step 4: Normalizing data
2025-03-18 07:08:53,501 - StockDataProcessor - INFO - Will normalize the following columns: ['Open', 'High', 'Low', 'Close']
2025-03-18 07:08:53,501 - StockDataProcessor - INFO - Normalizing price columns using minmax method
2025-03-18 07:08:53,547 - StockDataProcessor - INFO - Normalization complete
2025-03-18 07:08:53,547 - StockDataProcessor - INFO - Step 5: Generating statistics
2025-03-18 07:08:53,547 - StockDataProcessor - INFO - Generating summary statistics
2025-03-18 07:08:53,694 - StockDataProcessor - INFO - Statistics generation complete
2025-03-18 07:08:53,694 - StockDataProcessor - ERROR - Error in processing pipeline: 'module' object is not subscriptable
2025-03-18 07:08:53,698 - StockDataProcessor - ERROR - Traceback (most recent call last):
  File "D:\Google Drive\!_Projects\2025\Market Pattern Analysis AI Agent\MarketPatterns_AI\DataCleaningNormalization.py", line 1243, in process_pipeline
    self.generate_statistics()
    ~~~~~~~~~~~~~~~~~~~~~~~~^^
  File "D:\Google Drive\!_Projects\2025\Market Pattern Analysis AI Agent\MarketPatterns_AI\DataCleaningNormalization.py", line 1115, in generate_statistics
    self.logger.info(f"Total rows in final dataset: {stats['total_rows']}")
                                                     ~~~~~^^^^^^^^^^^^^^
TypeError: 'module' object is not subscriptable

2025-03-18 07:10:34,960 - StockDataProcessor - INFO - StockDataProcessor initialized
2025-03-18 07:10:34,961 - StockDataProcessor - INFO - Step 1: Loading data
2025-03-18 07:10:34,961 - StockDataProcessor - INFO - Loading data from Fetched_Data\combined_sp500_all_data_5min.csv
2025-03-18 07:10:35,067 - StockDataProcessor - INFO - Will normalize the following columns: ['Open', 'High', 'Low', 'Close']
2025-03-18 07:10:35,104 - StockDataProcessor - INFO - Data loaded successfully: 33510 rows, 7 columns
2025-03-18 07:10:35,104 - StockDataProcessor - INFO - Columns: ['Datetime', 'Open', 'High', 'Low', 'Close', 'Volume', 'Ticker']
2025-03-18 07:10:35,104 - StockDataProcessor - INFO - Data types: {'Datetime': 'datetime64[ns]', 'Open': 'float64', 'High': 'float64', 'Low': 'float64', 'Close': 'float64', 'Volume': 'int64', 'Ticker': 'object'}
2025-03-18 07:10:35,104 - StockDataProcessor - INFO - No missing values detected
2025-03-18 07:10:35,104 - StockDataProcessor - INFO - Standardizing column names: {'Open': 'Open', 'High': 'High', 'Low': 'Low', 'Close': 'Close', 'Volume': 'Volume'}
2025-03-18 07:10:35,105 - StockDataProcessor - INFO - Detected price columns: ['Open', 'High', 'Low', 'Close']
2025-03-18 07:10:35,106 - StockDataProcessor - INFO - Dataset contains 33510 rows and 7 unique tickers
2025-03-18 07:10:35,106 - StockDataProcessor - INFO - Step 2: Analyzing distributions
2025-03-18 07:10:35,106 - StockDataProcessor - INFO - Analyzing price column distributions
2025-03-18 07:10:35,257 - StockDataProcessor - INFO - Distribution analysis complete. Recommended normalization: minmax
2025-03-18 07:10:35,257 - StockDataProcessor - INFO - Normal distributions: 0.00%, Skewed distributions: 3.57%
2025-03-18 07:10:35,257 - StockDataProcessor - INFO - Step 3: Cleaning data
2025-03-18 07:10:35,257 - StockDataProcessor - INFO - Starting data cleaning process
2025-03-18 07:10:35,258 - StockDataProcessor - INFO - Handling invalid values
2025-03-18 07:10:35,270 - StockDataProcessor - INFO - Found 0 NaN values before cleaning
2025-03-18 07:10:35,270 - StockDataProcessor - INFO - Handling missing values using interpolate method (max consecutive: 3)
2025-03-18 07:10:35,288 - StockDataProcessor - INFO - Remaining NaN values after handling: 0
2025-03-18 07:10:35,291 - StockDataProcessor - INFO - Detecting and handling outliers
2025-03-18 07:10:35,367 - StockDataProcessor - INFO - Detected 45 outliers using iqr method
2025-03-18 07:10:35,367 - StockDataProcessor - INFO - Outliers for AAPL: Low: 2
2025-03-18 07:10:35,368 - StockDataProcessor - INFO - Outliers for GOOGL: Open: 1, High: 2
2025-03-18 07:10:35,368 - StockDataProcessor - INFO - Outliers for MSFT: High: 12, Low: 3
2025-03-18 07:10:35,368 - StockDataProcessor - INFO - Outliers for NVDA: Open: 1, High: 14, Low: 5
2025-03-18 07:10:35,368 - StockDataProcessor - INFO - Outliers for TSLA: High: 5
2025-03-18 07:10:35,409 - StockDataProcessor - INFO - Cleaning complete. Removed 0 rows (0.00%)
2025-03-18 07:10:35,411 - StockDataProcessor - INFO - Step 4: Normalizing data
2025-03-18 07:10:35,437 - StockDataProcessor - INFO - Will normalize the following columns: ['Open', 'High', 'Low', 'Close']
2025-03-18 07:10:35,437 - StockDataProcessor - INFO - Normalizing price columns using minmax method
2025-03-18 07:10:35,534 - StockDataProcessor - INFO - Normalization complete
2025-03-18 07:10:35,534 - StockDataProcessor - INFO - Step 5: Generating statistics
2025-03-18 07:10:35,535 - StockDataProcessor - INFO - Generating summary statistics
2025-03-18 07:10:35,680 - StockDataProcessor - INFO - Statistics generation complete
2025-03-18 07:10:35,680 - StockDataProcessor - INFO - Total rows in final dataset: 33510
2025-03-18 07:10:35,680 - StockDataProcessor - ERROR - Error in processing pipeline: 'module' object is not subscriptable
2025-03-18 07:10:35,683 - StockDataProcessor - ERROR - Traceback (most recent call last):
  File "D:\Google Drive\!_Projects\2025\Market Pattern Analysis AI Agent\MarketPatterns_AI\DataCleaningNormalization.py", line 1243, in process_pipeline
    self.generate_statistics()
    ~~~~~~~~~~~~~~~~~~~~~~~~^^
  File "D:\Google Drive\!_Projects\2025\Market Pattern Analysis AI Agent\MarketPatterns_AI\DataCleaningNormalization.py", line 1116, in generate_statistics
    self.logger.info(f"Date range: {stats['date_range']['start']} to {stats['date_range']['end']}")
                                    ~~~~~^^^^^^^^^^^^^^
TypeError: 'module' object is not subscriptable

2025-03-18 07:10:53,530 - StockDataProcessor - INFO - StockDataProcessor initialized
2025-03-18 07:10:53,531 - StockDataProcessor - INFO - Step 1: Loading data
2025-03-18 07:10:53,531 - StockDataProcessor - INFO - Loading data from Fetched_Data\combined_sp500_all_data_5min.csv
2025-03-18 07:10:53,632 - StockDataProcessor - INFO - Will normalize the following columns: ['Open', 'High', 'Low', 'Close']
2025-03-18 07:10:53,672 - StockDataProcessor - INFO - Data loaded successfully: 33510 rows, 7 columns
2025-03-18 07:10:53,673 - StockDataProcessor - INFO - Columns: ['Datetime', 'Open', 'High', 'Low', 'Close', 'Volume', 'Ticker']
2025-03-18 07:10:53,673 - StockDataProcessor - INFO - Data types: {'Datetime': 'datetime64[ns]', 'Open': 'float64', 'High': 'float64', 'Low': 'float64', 'Close': 'float64', 'Volume': 'int64', 'Ticker': 'object'}
2025-03-18 07:10:53,673 - StockDataProcessor - INFO - No missing values detected
2025-03-18 07:10:53,673 - StockDataProcessor - INFO - Standardizing column names: {'Open': 'Open', 'High': 'High', 'Low': 'Low', 'Close': 'Close', 'Volume': 'Volume'}
2025-03-18 07:10:53,673 - StockDataProcessor - INFO - Detected price columns: ['Open', 'High', 'Low', 'Close']
2025-03-18 07:10:53,676 - StockDataProcessor - INFO - Dataset contains 33510 rows and 7 unique tickers
2025-03-18 07:10:53,676 - StockDataProcessor - INFO - Step 2: Analyzing distributions
2025-03-18 07:10:53,677 - StockDataProcessor - INFO - Analyzing price column distributions
2025-03-18 07:10:53,842 - StockDataProcessor - INFO - Distribution analysis complete. Recommended normalization: minmax
2025-03-18 07:10:53,842 - StockDataProcessor - INFO - Normal distributions: 0.00%, Skewed distributions: 3.57%
2025-03-18 07:10:53,843 - StockDataProcessor - INFO - Step 3: Cleaning data
2025-03-18 07:10:53,843 - StockDataProcessor - INFO - Starting data cleaning process
2025-03-18 07:10:53,845 - StockDataProcessor - INFO - Handling invalid values
2025-03-18 07:10:53,859 - StockDataProcessor - INFO - Found 0 NaN values before cleaning
2025-03-18 07:10:53,860 - StockDataProcessor - INFO - Handling missing values using interpolate method (max consecutive: 3)
2025-03-18 07:10:53,893 - StockDataProcessor - INFO - Remaining NaN values after handling: 0
2025-03-18 07:10:53,897 - StockDataProcessor - INFO - Detecting and handling outliers
2025-03-18 07:10:54,003 - StockDataProcessor - INFO - Detected 45 outliers using iqr method
2025-03-18 07:10:54,003 - StockDataProcessor - INFO - Outliers for AAPL: Low: 2
2025-03-18 07:10:54,004 - StockDataProcessor - INFO - Outliers for GOOGL: Open: 1, High: 2
2025-03-18 07:10:54,004 - StockDataProcessor - INFO - Outliers for MSFT: High: 12, Low: 3
2025-03-18 07:10:54,004 - StockDataProcessor - INFO - Outliers for NVDA: Open: 1, High: 14, Low: 5
2025-03-18 07:10:54,004 - StockDataProcessor - INFO - Outliers for TSLA: High: 5
2025-03-18 07:10:54,066 - StockDataProcessor - INFO - Cleaning complete. Removed 0 rows (0.00%)
2025-03-18 07:10:54,071 - StockDataProcessor - INFO - Step 4: Normalizing data
2025-03-18 07:10:54,119 - StockDataProcessor - INFO - Will normalize the following columns: ['Open', 'High', 'Low', 'Close']
2025-03-18 07:10:54,119 - StockDataProcessor - INFO - Normalizing price columns using minmax method
2025-03-18 07:10:54,236 - StockDataProcessor - INFO - Normalization complete
2025-03-18 07:10:54,236 - StockDataProcessor - INFO - Step 5: Generating statistics
2025-03-18 07:10:54,236 - StockDataProcessor - INFO - Generating summary statistics
2025-03-18 07:10:54,455 - StockDataProcessor - INFO - Statistics generation complete
2025-03-18 07:10:54,455 - StockDataProcessor - INFO - Total rows in final dataset: 33510
2025-03-18 07:10:54,455 - StockDataProcessor - INFO - Date range: 2025-02-10 11:00:00 to 2025-03-18 02:55:00
2025-03-18 07:10:54,456 - StockDataProcessor - ERROR - Error in processing pipeline: 'module' object is not subscriptable
2025-03-18 07:10:54,466 - StockDataProcessor - ERROR - Traceback (most recent call last):
  File "D:\Google Drive\!_Projects\2025\Market Pattern Analysis AI Agent\MarketPatterns_AI\DataCleaningNormalization.py", line 1243, in process_pipeline
    self.generate_statistics()
    ~~~~~~~~~~~~~~~~~~~~~~~~^^
  File "D:\Google Drive\!_Projects\2025\Market Pattern Analysis AI Agent\MarketPatterns_AI\DataCleaningNormalization.py", line 1117, in generate_statistics
    for ticker in stats["ticker_stats"]:
                  ~~~~~^^^^^^^^^^^^^^^^
TypeError: 'module' object is not subscriptable

2025-03-18 07:11:09,999 - StockDataProcessor - INFO - StockDataProcessor initialized
2025-03-18 07:11:10,000 - StockDataProcessor - INFO - Step 1: Loading data
2025-03-18 07:11:10,000 - StockDataProcessor - INFO - Loading data from Fetched_Data\combined_sp500_all_data_5min.csv
2025-03-18 07:11:10,138 - StockDataProcessor - INFO - Will normalize the following columns: ['Open', 'High', 'Low', 'Close']
2025-03-18 07:11:10,205 - StockDataProcessor - INFO - Data loaded successfully: 33510 rows, 7 columns
2025-03-18 07:11:10,205 - StockDataProcessor - INFO - Columns: ['Datetime', 'Open', 'High', 'Low', 'Close', 'Volume', 'Ticker']
2025-03-18 07:11:10,206 - StockDataProcessor - INFO - Data types: {'Datetime': 'datetime64[ns]', 'Open': 'float64', 'High': 'float64', 'Low': 'float64', 'Close': 'float64', 'Volume': 'int64', 'Ticker': 'object'}
2025-03-18 07:11:10,206 - StockDataProcessor - INFO - No missing values detected
2025-03-18 07:11:10,206 - StockDataProcessor - INFO - Standardizing column names: {'Open': 'Open', 'High': 'High', 'Low': 'Low', 'Close': 'Close', 'Volume': 'Volume'}
2025-03-18 07:11:10,207 - StockDataProcessor - INFO - Detected price columns: ['Open', 'High', 'Low', 'Close']
2025-03-18 07:11:10,211 - StockDataProcessor - INFO - Dataset contains 33510 rows and 7 unique tickers
2025-03-18 07:11:10,211 - StockDataProcessor - INFO - Step 2: Analyzing distributions
2025-03-18 07:11:10,211 - StockDataProcessor - INFO - Analyzing price column distributions
2025-03-18 07:11:10,415 - StockDataProcessor - INFO - Distribution analysis complete. Recommended normalization: minmax
2025-03-18 07:11:10,415 - StockDataProcessor - INFO - Normal distributions: 0.00%, Skewed distributions: 3.57%
2025-03-18 07:11:10,415 - StockDataProcessor - INFO - Step 3: Cleaning data
2025-03-18 07:11:10,415 - StockDataProcessor - INFO - Starting data cleaning process
2025-03-18 07:11:10,417 - StockDataProcessor - INFO - Handling invalid values
2025-03-18 07:11:10,434 - StockDataProcessor - INFO - Found 0 NaN values before cleaning
2025-03-18 07:11:10,434 - StockDataProcessor - INFO - Handling missing values using interpolate method (max consecutive: 3)
2025-03-18 07:11:10,473 - StockDataProcessor - INFO - Remaining NaN values after handling: 0
2025-03-18 07:11:10,478 - StockDataProcessor - INFO - Detecting and handling outliers
2025-03-18 07:11:10,601 - StockDataProcessor - INFO - Detected 45 outliers using iqr method
2025-03-18 07:11:10,601 - StockDataProcessor - INFO - Outliers for AAPL: Low: 2
2025-03-18 07:11:10,602 - StockDataProcessor - INFO - Outliers for GOOGL: Open: 1, High: 2
2025-03-18 07:11:10,602 - StockDataProcessor - INFO - Outliers for MSFT: High: 12, Low: 3
2025-03-18 07:11:10,602 - StockDataProcessor - INFO - Outliers for NVDA: Open: 1, High: 14, Low: 5
2025-03-18 07:11:10,602 - StockDataProcessor - INFO - Outliers for TSLA: High: 5
2025-03-18 07:11:10,713 - StockDataProcessor - INFO - Cleaning complete. Removed 0 rows (0.00%)
2025-03-18 07:11:10,715 - StockDataProcessor - INFO - Step 4: Normalizing data
2025-03-18 07:11:10,757 - StockDataProcessor - INFO - Will normalize the following columns: ['Open', 'High', 'Low', 'Close']
2025-03-18 07:11:10,757 - StockDataProcessor - INFO - Normalizing price columns using minmax method
2025-03-18 07:11:10,859 - StockDataProcessor - INFO - Normalization complete
2025-03-18 07:11:10,859 - StockDataProcessor - INFO - Step 5: Generating statistics
2025-03-18 07:11:10,860 - StockDataProcessor - INFO - Generating summary statistics
2025-03-18 07:11:11,090 - StockDataProcessor - INFO - Statistics generation complete
2025-03-18 07:11:11,090 - StockDataProcessor - INFO - Total rows in final dataset: 33510
2025-03-18 07:11:11,090 - StockDataProcessor - INFO - Date range: 2025-02-10 11:00:00 to 2025-03-18 02:55:00
2025-03-18 07:11:11,090 - StockDataProcessor - ERROR - Error in processing pipeline: 'module' object is not subscriptable
2025-03-18 07:11:11,097 - StockDataProcessor - ERROR - Traceback (most recent call last):
  File "D:\Google Drive\!_Projects\2025\Market Pattern Analysis AI Agent\MarketPatterns_AI\DataCleaningNormalization.py", line 1243, in process_pipeline
    self.generate_statistics()
    ~~~~~~~~~~~~~~~~~~~~~~~~^^
  File "D:\Google Drive\!_Projects\2025\Market Pattern Analysis AI Agent\MarketPatterns_AI\DataCleaningNormalization.py", line 1117, in generate_statistics
    for ticker in stats["ticker_stats"]:
                  ~~~~~^^^^^^^^^^^^^^^^
TypeError: 'module' object is not subscriptable

2025-03-18 07:11:27,957 - StockDataProcessor - INFO - StockDataProcessor initialized
2025-03-18 07:11:27,957 - StockDataProcessor - INFO - Step 1: Loading data
2025-03-18 07:11:27,958 - StockDataProcessor - INFO - Loading data from Fetched_Data\combined_sp500_all_data_5min.csv
2025-03-18 07:11:28,092 - StockDataProcessor - INFO - Will normalize the following columns: ['Open', 'High', 'Low', 'Close']
2025-03-18 07:11:28,165 - StockDataProcessor - INFO - Data loaded successfully: 33510 rows, 7 columns
2025-03-18 07:11:28,165 - StockDataProcessor - INFO - Columns: ['Datetime', 'Open', 'High', 'Low', 'Close', 'Volume', 'Ticker']
2025-03-18 07:11:28,165 - StockDataProcessor - INFO - Data types: {'Datetime': 'datetime64[ns]', 'Open': 'float64', 'High': 'float64', 'Low': 'float64', 'Close': 'float64', 'Volume': 'int64', 'Ticker': 'object'}
2025-03-18 07:11:28,165 - StockDataProcessor - INFO - No missing values detected
2025-03-18 07:11:28,166 - StockDataProcessor - INFO - Standardizing column names: {'Open': 'Open', 'High': 'High', 'Low': 'Low', 'Close': 'Close', 'Volume': 'Volume'}
2025-03-18 07:11:28,167 - StockDataProcessor - INFO - Detected price columns: ['Open', 'High', 'Low', 'Close']
2025-03-18 07:11:28,171 - StockDataProcessor - INFO - Dataset contains 33510 rows and 7 unique tickers
2025-03-18 07:11:28,172 - StockDataProcessor - INFO - Step 2: Analyzing distributions
2025-03-18 07:11:28,172 - StockDataProcessor - INFO - Analyzing price column distributions
2025-03-18 07:11:28,367 - StockDataProcessor - INFO - Distribution analysis complete. Recommended normalization: minmax
2025-03-18 07:11:28,367 - StockDataProcessor - INFO - Normal distributions: 0.00%, Skewed distributions: 3.57%
2025-03-18 07:11:28,367 - StockDataProcessor - INFO - Step 3: Cleaning data
2025-03-18 07:11:28,367 - StockDataProcessor - INFO - Starting data cleaning process
2025-03-18 07:11:28,368 - StockDataProcessor - INFO - Handling invalid values
2025-03-18 07:11:28,385 - StockDataProcessor - INFO - Found 0 NaN values before cleaning
2025-03-18 07:11:28,386 - StockDataProcessor - INFO - Handling missing values using interpolate method (max consecutive: 3)
2025-03-18 07:11:28,447 - StockDataProcessor - INFO - Remaining NaN values after handling: 0
2025-03-18 07:11:28,453 - StockDataProcessor - INFO - Detecting and handling outliers
2025-03-18 07:11:28,584 - StockDataProcessor - INFO - Detected 45 outliers using iqr method
2025-03-18 07:11:28,584 - StockDataProcessor - INFO - Outliers for AAPL: Low: 2
2025-03-18 07:11:28,584 - StockDataProcessor - INFO - Outliers for GOOGL: Open: 1, High: 2
2025-03-18 07:11:28,585 - StockDataProcessor - INFO - Outliers for MSFT: High: 12, Low: 3
2025-03-18 07:11:28,585 - StockDataProcessor - INFO - Outliers for NVDA: Open: 1, High: 14, Low: 5
2025-03-18 07:11:28,585 - StockDataProcessor - INFO - Outliers for TSLA: High: 5
2025-03-18 07:11:28,665 - StockDataProcessor - INFO - Cleaning complete. Removed 0 rows (0.00%)
2025-03-18 07:11:28,667 - StockDataProcessor - INFO - Step 4: Normalizing data
2025-03-18 07:11:28,713 - StockDataProcessor - INFO - Will normalize the following columns: ['Open', 'High', 'Low', 'Close']
2025-03-18 07:11:28,714 - StockDataProcessor - INFO - Normalizing price columns using minmax method
2025-03-18 07:11:28,809 - StockDataProcessor - INFO - Normalization complete
2025-03-18 07:11:28,810 - StockDataProcessor - INFO - Step 5: Generating statistics
2025-03-18 07:11:28,810 - StockDataProcessor - INFO - Generating summary statistics
2025-03-18 07:11:29,056 - StockDataProcessor - INFO - Statistics generation complete
2025-03-18 07:11:29,056 - StockDataProcessor - INFO - Total rows in final dataset: 33510
2025-03-18 07:11:29,057 - StockDataProcessor - INFO - Date range: 2025-02-10 11:00:00 to 2025-03-18 02:55:00
2025-03-18 07:11:29,057 - StockDataProcessor - INFO - AAPL: 4800 rows
2025-03-18 07:11:29,057 - StockDataProcessor - INFO - AMZN: 4800 rows
2025-03-18 07:11:29,057 - StockDataProcessor - INFO - GOOGL: 4800 rows
2025-03-18 07:11:29,061 - StockDataProcessor - INFO - META: 4800 rows
2025-03-18 07:11:29,061 - StockDataProcessor - INFO - MSFT: 4755 rows
2025-03-18 07:11:29,061 - StockDataProcessor - INFO - NVDA: 4800 rows
2025-03-18 07:11:29,061 - StockDataProcessor - INFO - TSLA: 4755 rows
2025-03-18 07:11:29,062 - StockDataProcessor - INFO - Step 6: Saving results
2025-03-18 07:11:29,062 - StockDataProcessor - INFO - Saving normalized data to Processed_Data\cleaned_normalized_data.csv
2025-03-18 07:11:29,800 - StockDataProcessor - INFO - Successfully saved 33510 rows to Processed_Data\cleaned_normalized_data.csv
2025-03-18 07:11:29,806 - StockDataProcessor - INFO - Saved statistics to Processed_Data\cleaned_normalized_data_stats.json
2025-03-18 07:11:29,806 - StockDataProcessor - INFO - Processing pipeline completed successfully. Results saved to Processed_Data\cleaned_normalized_data.csv
2025-03-18 16:28:24,433 - StockDataProcessor - INFO - StockDataProcessor initialized
2025-03-18 16:28:24,433 - StockDataProcessor - INFO - Step 1: Loading data
2025-03-18 16:28:24,433 - StockDataProcessor - INFO - Loading data from Fetched_Data\combined_sp500_all_data_5min.csv
2025-03-18 16:28:24,531 - StockDataProcessor - INFO - Will normalize the following columns: ['Open', 'High', 'Low', 'Close']
2025-03-18 16:28:24,590 - StockDataProcessor - INFO - Data loaded successfully: 33510 rows, 7 columns
2025-03-18 16:28:24,591 - StockDataProcessor - INFO - Columns: ['Datetime', 'Open', 'High', 'Low', 'Close', 'Volume', 'Ticker']
2025-03-18 16:28:24,591 - StockDataProcessor - INFO - Data types: {'Datetime': 'datetime64[ns]', 'Open': 'float64', 'High': 'float64', 'Low': 'float64', 'Close': 'float64', 'Volume': 'int64', 'Ticker': 'object'}
2025-03-18 16:28:24,591 - StockDataProcessor - INFO - No missing values detected
2025-03-18 16:28:24,591 - StockDataProcessor - INFO - Standardizing column names: {'Open': 'Open', 'High': 'High', 'Low': 'Low', 'Close': 'Close', 'Volume': 'Volume'}
2025-03-18 16:28:24,595 - StockDataProcessor - INFO - Detected price columns: ['Open', 'High', 'Low', 'Close']
2025-03-18 16:28:24,597 - StockDataProcessor - INFO - Dataset contains 33510 rows and 7 unique tickers
2025-03-18 16:28:24,597 - StockDataProcessor - INFO - Step 2: Analyzing distributions
2025-03-18 16:28:24,597 - StockDataProcessor - INFO - Analyzing price column distributions
2025-03-18 16:28:24,745 - StockDataProcessor - INFO - Distribution analysis complete. Recommended normalization: minmax
2025-03-18 16:28:24,745 - StockDataProcessor - INFO - Normal distributions: 0.00%, Skewed distributions: 3.57%
2025-03-18 16:28:24,745 - StockDataProcessor - INFO - Step 3: Cleaning data
2025-03-18 16:28:24,745 - StockDataProcessor - INFO - Starting data cleaning process
2025-03-18 16:28:24,746 - StockDataProcessor - INFO - Handling invalid values
2025-03-18 16:28:24,753 - StockDataProcessor - INFO - Found 0 NaN values before cleaning
2025-03-18 16:28:24,753 - StockDataProcessor - INFO - Handling missing values using interpolate method (max consecutive: 3)
2025-03-18 16:28:24,774 - StockDataProcessor - INFO - Remaining NaN values after handling: 0
2025-03-18 16:28:24,777 - StockDataProcessor - INFO - Detecting and handling outliers
2025-03-18 16:28:24,834 - StockDataProcessor - INFO - Detected 45 outliers using iqr method
2025-03-18 16:28:24,834 - StockDataProcessor - INFO - Outliers for AAPL: Low: 2
2025-03-18 16:28:24,834 - StockDataProcessor - INFO - Outliers for GOOGL: Open: 1, High: 2
2025-03-18 16:28:24,835 - StockDataProcessor - INFO - Outliers for MSFT: High: 12, Low: 3
2025-03-18 16:28:24,835 - StockDataProcessor - INFO - Outliers for NVDA: Open: 1, High: 14, Low: 5
2025-03-18 16:28:24,835 - StockDataProcessor - INFO - Outliers for TSLA: High: 5
2025-03-18 16:28:24,880 - StockDataProcessor - INFO - Cleaning complete. Removed 0 rows (0.00%)
2025-03-18 16:28:24,881 - StockDataProcessor - INFO - Step 4: Normalizing data
2025-03-18 16:28:24,899 - StockDataProcessor - INFO - Will normalize the following columns: ['Open', 'High', 'Low', 'Close']
2025-03-18 16:28:24,900 - StockDataProcessor - INFO - Normalizing price columns using minmax method
2025-03-18 16:28:24,948 - StockDataProcessor - INFO - Normalization complete
2025-03-18 16:28:24,949 - StockDataProcessor - INFO - Step 5: Generating statistics
2025-03-18 16:28:24,949 - StockDataProcessor - INFO - Generating summary statistics
2025-03-18 16:28:25,172 - StockDataProcessor - INFO - Statistics generation complete
2025-03-18 16:28:25,172 - StockDataProcessor - INFO - Total rows in final dataset: 33510
2025-03-18 16:28:25,173 - StockDataProcessor - INFO - Date range: 2025-02-10 11:00:00 to 2025-03-18 02:55:00
2025-03-18 16:28:25,173 - StockDataProcessor - INFO - AAPL: 4800 rows
2025-03-18 16:28:25,173 - StockDataProcessor - INFO - AMZN: 4800 rows
2025-03-18 16:28:25,173 - StockDataProcessor - INFO - GOOGL: 4800 rows
2025-03-18 16:28:25,173 - StockDataProcessor - INFO - META: 4800 rows
2025-03-18 16:28:25,173 - StockDataProcessor - INFO - MSFT: 4755 rows
2025-03-18 16:28:25,173 - StockDataProcessor - INFO - NVDA: 4800 rows
2025-03-18 16:28:25,174 - StockDataProcessor - INFO - TSLA: 4755 rows
2025-03-18 16:28:25,174 - StockDataProcessor - INFO - Step 6: Saving results
2025-03-18 16:28:25,174 - StockDataProcessor - INFO - Saving normalized data to Processed_Data\cleaned_normalized_data.csv
2025-03-18 16:28:25,555 - StockDataProcessor - INFO - Successfully saved 33510 rows to Processed_Data\cleaned_normalized_data.csv
2025-03-18 16:28:25,559 - StockDataProcessor - INFO - Saved statistics to Processed_Data\cleaned_normalized_data_stats.json
2025-03-18 16:28:25,559 - StockDataProcessor - INFO - Processing pipeline completed successfully. Results saved to Processed_Data\cleaned_normalized_data.csv
