2025-01-21 16:07:36,124 - INFO - 
Fetching and updating data for tickers...
2025-01-21 16:07:36,124 - INFO - 
Fetching data for ticker: ^GSPC
2025-01-21 16:07:36,125 - DEBUG - Entering history()
2025-01-21 16:07:36,127 - DEBUG - ('CREATE TABLE IF NOT EXISTS "_kv" ("key" VARCHAR(255) NOT NULL PRIMARY KEY, "value" VARCHAR(255)) WITHOUT ROWID', [])
2025-01-21 16:07:36,129 - DEBUG - ('SELECT "t1"."key", "t1"."value" FROM "_kv" AS "t1" WHERE ("t1"."key" = ?) LIMIT ? OFFSET ?', ['^GSPC', 1, 0])
2025-01-21 16:07:36,286 - DEBUG -  Entering history()
2025-01-21 16:07:36,287 - DEBUG - ^GSPC: Yahoo GET parameters: {'range': '60d', 'interval': '5m', 'includePrePost': False, 'events': 'div,splits,capitalGains'}
2025-01-21 16:07:36,287 - DEBUG -   Entering get()
2025-01-21 16:07:36,287 - DEBUG -    Entering _make_request()
2025-01-21 16:07:36,287 - DEBUG - url=https://query2.finance.yahoo.com/v8/finance/chart/^GSPC
2025-01-21 16:07:36,287 - DEBUG - params={'range': '60d', 'interval': '5m', 'includePrePost': False, 'events': 'div,splits,capitalGains'}
2025-01-21 16:07:36,287 - DEBUG -     Entering _get_cookie_and_crumb()
2025-01-21 16:07:36,287 - DEBUG - cookie_mode = 'basic'
2025-01-21 16:07:36,287 - DEBUG -      Entering _get_cookie_and_crumb_basic()
2025-01-21 16:07:36,289 - DEBUG - ('CREATE TABLE IF NOT EXISTS "_cookieschema" ("strategy" VARCHAR(255) NOT NULL PRIMARY KEY, "fetch_date" DATETIME NOT NULL, "cookie_bytes" BLOB NOT NULL) WITHOUT ROWID', [])
2025-01-21 16:07:36,290 - DEBUG - ('SELECT "t1"."strategy", "t1"."fetch_date", "t1"."cookie_bytes" FROM "_cookieschema" AS "t1" WHERE ("t1"."strategy" = ?) LIMIT ? OFFSET ?', ['basic', 1, 0])
2025-01-21 16:07:36,292 - DEBUG - Starting new HTTPS connection (1): fc.yahoo.com:443
2025-01-21 16:07:36,853 - DEBUG - https://fc.yahoo.com:443 "GET / HTTP/1.1" 404 4742
2025-01-21 16:07:36,857 - DEBUG - ('DELETE FROM "_cookieschema" WHERE ("_cookieschema"."strategy" = ?)', ['basic'])
2025-01-21 16:07:36,864 - DEBUG - ('BEGIN', None)
2025-01-21 16:07:36,864 - DEBUG - ('INSERT INTO "_cookieschema" ("strategy", "fetch_date", "cookie_bytes") VALUES (?, ?, ?)', ['basic', '2025-01-21T16:07:36.864998', <memory at 0x0000015CFC855C00>])
2025-01-21 16:07:36,867 - DEBUG - fetched basic cookie = <Cookie A3=d=AQABBAWqj2cCEIRHaSgq3f6g-iPdv8XDBp8FEgEBAQH7kGeZZ14_yyMA_eMAAA&S=AQAAAtcKlLIPfvHWUqr87kZ2PKY for .yahoo.com/>
2025-01-21 16:07:36,867 - DEBUG - reusing cookie
2025-01-21 16:07:36,870 - DEBUG - Starting new HTTPS connection (1): query1.finance.yahoo.com:443
2025-01-21 16:07:37,285 - DEBUG - https://query1.finance.yahoo.com:443 "GET /v1/test/getcrumb HTTP/1.1" 200 11
2025-01-21 16:07:37,287 - DEBUG - crumb = '7KUOX4WRB1d'
2025-01-21 16:07:37,288 - DEBUG -      Exiting _get_cookie_and_crumb_basic()
2025-01-21 16:07:37,288 - DEBUG -     Exiting _get_cookie_and_crumb()
2025-01-21 16:07:37,300 - DEBUG - Starting new HTTPS connection (1): query2.finance.yahoo.com:443
2025-01-21 16:07:37,848 - DEBUG - https://query2.finance.yahoo.com:443 "GET /v8/finance/chart/%5EGSPC?range=60d&interval=5m&includePrePost=False&events=div%2Csplits%2CcapitalGains&crumb=7KUOX4WRB1d HTTP/1.1" 200 None
2025-01-21 16:07:38,157 - DEBUG - response code=200
2025-01-21 16:07:38,157 - DEBUG -    Exiting _make_request()
2025-01-21 16:07:38,158 - DEBUG -   Exiting get()
2025-01-21 16:07:38,195 - DEBUG - ^GSPC: yfinance received OHLC data: 2024-10-22 13:30:00 -> 2025-01-17 21:00:00
2025-01-21 16:07:38,210 - DEBUG - ^GSPC: OHLC after cleaning: 2024-10-22 09:30:00-04:00 -> 2025-01-17 15:55:00-05:00
2025-01-21 16:07:38,215 - DEBUG - ^GSPC: OHLC after combining events: 2024-10-22 09:30:00-04:00 -> 2025-01-17 15:55:00-05:00
2025-01-21 16:07:38,222 - DEBUG - ^GSPC: yfinance returning OHLC: 2024-10-22 09:30:00-04:00 -> 2025-01-17 15:55:00-05:00
2025-01-21 16:07:38,223 - DEBUG -  Exiting history()
2025-01-21 16:07:38,223 - DEBUG - Exiting history()
2025-01-21 16:07:38,302 - INFO - Data for ^GSPC fetched and updated successfully in D:\Google Drive\!_Projects\2025\Market Pattern Analysis AI Agent\MarketPatterns_AI\Fetched_Data\^GSPC_all_data_5min.csv.
2025-01-21 16:07:38,303 - INFO - 
Fetching data for ticker: AAPL
2025-01-21 16:07:38,303 - DEBUG - Entering history()
2025-01-21 16:07:38,303 - DEBUG - ('SELECT "t1"."key", "t1"."value" FROM "_kv" AS "t1" WHERE ("t1"."key" = ?) LIMIT ? OFFSET ?', ['AAPL', 1, 0])
2025-01-21 16:07:38,303 - DEBUG -  Entering history()
2025-01-21 16:07:38,304 - DEBUG - AAPL: Yahoo GET parameters: {'range': '60d', 'interval': '5m', 'includePrePost': False, 'events': 'div,splits,capitalGains'}
2025-01-21 16:07:38,304 - DEBUG -   Entering get()
2025-01-21 16:07:38,304 - DEBUG -    Entering _make_request()
2025-01-21 16:07:38,304 - DEBUG - url=https://query2.finance.yahoo.com/v8/finance/chart/AAPL
2025-01-21 16:07:38,304 - DEBUG - params={'range': '60d', 'interval': '5m', 'includePrePost': False, 'events': 'div,splits,capitalGains'}
2025-01-21 16:07:38,304 - DEBUG -     Entering _get_cookie_and_crumb()
2025-01-21 16:07:38,304 - DEBUG - cookie_mode = 'basic'
2025-01-21 16:07:38,304 - DEBUG -      Entering _get_cookie_and_crumb_basic()
2025-01-21 16:07:38,304 - DEBUG - reusing cookie
2025-01-21 16:07:38,304 - DEBUG - reusing crumb
2025-01-21 16:07:38,304 - DEBUG -      Exiting _get_cookie_and_crumb_basic()
2025-01-21 16:07:38,304 - DEBUG -     Exiting _get_cookie_and_crumb()
2025-01-21 16:07:38,653 - DEBUG - https://query2.finance.yahoo.com:443 "GET /v8/finance/chart/AAPL?range=60d&interval=5m&includePrePost=False&events=div%2Csplits%2CcapitalGains&crumb=7KUOX4WRB1d HTTP/1.1" 200 None
2025-01-21 16:07:38,776 - DEBUG - response code=200
2025-01-21 16:07:38,778 - DEBUG -    Exiting _make_request()
2025-01-21 16:07:38,778 - DEBUG -   Exiting get()
2025-01-21 16:07:38,828 - DEBUG - AAPL: yfinance received OHLC data: 2024-10-22 13:30:00 -> 2025-01-17 21:00:00
2025-01-21 16:07:38,839 - DEBUG - AAPL: OHLC after cleaning: 2024-10-22 09:30:00-04:00 -> 2025-01-17 15:55:00-05:00
2025-01-21 16:07:38,848 - DEBUG - AAPL: OHLC after combining events: 2024-10-22 09:30:00-04:00 -> 2025-01-17 15:55:00-05:00
2025-01-21 16:07:38,854 - DEBUG - AAPL: yfinance returning OHLC: 2024-10-22 09:30:00-04:00 -> 2025-01-17 15:55:00-05:00
2025-01-21 16:07:38,854 - DEBUG -  Exiting history()
2025-01-21 16:07:38,854 - DEBUG - Exiting history()
2025-01-21 16:07:38,931 - INFO - Data for AAPL fetched and updated successfully in D:\Google Drive\!_Projects\2025\Market Pattern Analysis AI Agent\MarketPatterns_AI\Fetched_Data\AAPL_all_data_5min.csv.
2025-01-21 16:07:38,931 - INFO - 
Fetching data for ticker: MSFT
2025-01-21 16:07:38,931 - DEBUG - Entering history()
2025-01-21 16:07:38,931 - DEBUG - ('SELECT "t1"."key", "t1"."value" FROM "_kv" AS "t1" WHERE ("t1"."key" = ?) LIMIT ? OFFSET ?', ['MSFT', 1, 0])
2025-01-21 16:07:38,932 - DEBUG -  Entering history()
2025-01-21 16:07:38,932 - DEBUG - MSFT: Yahoo GET parameters: {'range': '60d', 'interval': '5m', 'includePrePost': False, 'events': 'div,splits,capitalGains'}
2025-01-21 16:07:38,932 - DEBUG -   Entering get()
2025-01-21 16:07:38,932 - DEBUG -    Entering _make_request()
2025-01-21 16:07:38,932 - DEBUG - url=https://query2.finance.yahoo.com/v8/finance/chart/MSFT
2025-01-21 16:07:38,932 - DEBUG - params={'range': '60d', 'interval': '5m', 'includePrePost': False, 'events': 'div,splits,capitalGains'}
2025-01-21 16:07:38,932 - DEBUG -     Entering _get_cookie_and_crumb()
2025-01-21 16:07:38,932 - DEBUG - cookie_mode = 'basic'
2025-01-21 16:07:38,932 - DEBUG -      Entering _get_cookie_and_crumb_basic()
2025-01-21 16:07:38,932 - DEBUG - reusing cookie
2025-01-21 16:07:38,932 - DEBUG - reusing crumb
2025-01-21 16:07:38,932 - DEBUG -      Exiting _get_cookie_and_crumb_basic()
2025-01-21 16:07:38,932 - DEBUG -     Exiting _get_cookie_and_crumb()
2025-01-21 16:07:39,298 - DEBUG - https://query2.finance.yahoo.com:443 "GET /v8/finance/chart/MSFT?range=60d&interval=5m&includePrePost=False&events=div%2Csplits%2CcapitalGains&crumb=7KUOX4WRB1d HTTP/1.1" 200 None
2025-01-21 16:07:39,496 - DEBUG - response code=200
2025-01-21 16:07:39,496 - DEBUG -    Exiting _make_request()
2025-01-21 16:07:39,497 - DEBUG -   Exiting get()
2025-01-21 16:07:39,538 - DEBUG - MSFT: yfinance received OHLC data: 2024-10-22 13:30:00 -> 2025-01-17 21:00:00
2025-01-21 16:07:39,549 - DEBUG - MSFT: OHLC after cleaning: 2024-10-22 09:30:00-04:00 -> 2025-01-17 15:55:00-05:00
2025-01-21 16:07:39,556 - DEBUG - MSFT: OHLC after combining events: 2024-10-22 09:30:00-04:00 -> 2025-01-17 15:55:00-05:00
2025-01-21 16:07:39,563 - DEBUG - MSFT: yfinance returning OHLC: 2024-10-22 09:30:00-04:00 -> 2025-01-17 15:55:00-05:00
2025-01-21 16:07:39,564 - DEBUG -  Exiting history()
2025-01-21 16:07:39,564 - DEBUG - Exiting history()
2025-01-21 16:07:39,640 - INFO - Data for MSFT fetched and updated successfully in D:\Google Drive\!_Projects\2025\Market Pattern Analysis AI Agent\MarketPatterns_AI\Fetched_Data\MSFT_all_data_5min.csv.
2025-01-21 16:07:39,640 - INFO - 
Fetching data for ticker: GOOGL
2025-01-21 16:07:39,640 - DEBUG - Entering history()
2025-01-21 16:07:39,640 - DEBUG - ('SELECT "t1"."key", "t1"."value" FROM "_kv" AS "t1" WHERE ("t1"."key" = ?) LIMIT ? OFFSET ?', ['GOOGL', 1, 0])
2025-01-21 16:07:39,641 - DEBUG -  Entering history()
2025-01-21 16:07:39,641 - DEBUG - GOOGL: Yahoo GET parameters: {'range': '60d', 'interval': '5m', 'includePrePost': False, 'events': 'div,splits,capitalGains'}
2025-01-21 16:07:39,641 - DEBUG -   Entering get()
2025-01-21 16:07:39,641 - DEBUG -    Entering _make_request()
2025-01-21 16:07:39,641 - DEBUG - url=https://query2.finance.yahoo.com/v8/finance/chart/GOOGL
2025-01-21 16:07:39,641 - DEBUG - params={'range': '60d', 'interval': '5m', 'includePrePost': False, 'events': 'div,splits,capitalGains'}
2025-01-21 16:07:39,641 - DEBUG -     Entering _get_cookie_and_crumb()
2025-01-21 16:07:39,641 - DEBUG - cookie_mode = 'basic'
2025-01-21 16:07:39,641 - DEBUG -      Entering _get_cookie_and_crumb_basic()
2025-01-21 16:07:39,641 - DEBUG - reusing cookie
2025-01-21 16:07:39,641 - DEBUG - reusing crumb
2025-01-21 16:07:39,642 - DEBUG -      Exiting _get_cookie_and_crumb_basic()
2025-01-21 16:07:39,642 - DEBUG -     Exiting _get_cookie_and_crumb()
2025-01-21 16:07:40,093 - DEBUG - https://query2.finance.yahoo.com:443 "GET /v8/finance/chart/GOOGL?range=60d&interval=5m&includePrePost=False&events=div%2Csplits%2CcapitalGains&crumb=7KUOX4WRB1d HTTP/1.1" 200 None
2025-01-21 16:07:40,206 - DEBUG - response code=200
2025-01-21 16:07:40,207 - DEBUG -    Exiting _make_request()
2025-01-21 16:07:40,208 - DEBUG -   Exiting get()
2025-01-21 16:07:40,266 - DEBUG - GOOGL: yfinance received OHLC data: 2024-10-22 13:30:00 -> 2025-01-17 21:00:00
2025-01-21 16:07:40,296 - DEBUG - GOOGL: OHLC after cleaning: 2024-10-22 09:30:00-04:00 -> 2025-01-17 15:55:00-05:00
2025-01-21 16:07:40,303 - DEBUG - GOOGL: OHLC after combining events: 2024-10-22 09:30:00-04:00 -> 2025-01-17 15:55:00-05:00
2025-01-21 16:07:40,312 - DEBUG - GOOGL: yfinance returning OHLC: 2024-10-22 09:30:00-04:00 -> 2025-01-17 15:55:00-05:00
2025-01-21 16:07:40,312 - DEBUG -  Exiting history()
2025-01-21 16:07:40,312 - DEBUG - Exiting history()
2025-01-21 16:07:40,391 - INFO - Data for GOOGL fetched and updated successfully in D:\Google Drive\!_Projects\2025\Market Pattern Analysis AI Agent\MarketPatterns_AI\Fetched_Data\GOOGL_all_data_5min.csv.
2025-01-21 16:07:40,391 - INFO - 
Fetching data for ticker: AMZN
2025-01-21 16:07:40,392 - DEBUG - Entering history()
2025-01-21 16:07:40,392 - DEBUG - ('SELECT "t1"."key", "t1"."value" FROM "_kv" AS "t1" WHERE ("t1"."key" = ?) LIMIT ? OFFSET ?', ['AMZN', 1, 0])
2025-01-21 16:07:40,392 - DEBUG -  Entering history()
2025-01-21 16:07:40,392 - DEBUG - AMZN: Yahoo GET parameters: {'range': '60d', 'interval': '5m', 'includePrePost': False, 'events': 'div,splits,capitalGains'}
2025-01-21 16:07:40,392 - DEBUG -   Entering get()
2025-01-21 16:07:40,392 - DEBUG -    Entering _make_request()
2025-01-21 16:07:40,393 - DEBUG - url=https://query2.finance.yahoo.com/v8/finance/chart/AMZN
2025-01-21 16:07:40,393 - DEBUG - params={'range': '60d', 'interval': '5m', 'includePrePost': False, 'events': 'div,splits,capitalGains'}
2025-01-21 16:07:40,393 - DEBUG -     Entering _get_cookie_and_crumb()
2025-01-21 16:07:40,393 - DEBUG - cookie_mode = 'basic'
2025-01-21 16:07:40,393 - DEBUG -      Entering _get_cookie_and_crumb_basic()
2025-01-21 16:07:40,393 - DEBUG - reusing cookie
2025-01-21 16:07:40,393 - DEBUG - reusing crumb
2025-01-21 16:07:40,393 - DEBUG -      Exiting _get_cookie_and_crumb_basic()
2025-01-21 16:07:40,393 - DEBUG -     Exiting _get_cookie_and_crumb()
2025-01-21 16:07:40,668 - DEBUG - https://query2.finance.yahoo.com:443 "GET /v8/finance/chart/AMZN?range=60d&interval=5m&includePrePost=False&events=div%2Csplits%2CcapitalGains&crumb=7KUOX4WRB1d HTTP/1.1" 200 None
2025-01-21 16:07:40,796 - DEBUG - response code=200
2025-01-21 16:07:40,796 - DEBUG -    Exiting _make_request()
2025-01-21 16:07:40,797 - DEBUG -   Exiting get()
2025-01-21 16:07:40,824 - DEBUG - AMZN: yfinance received OHLC data: 2024-10-22 13:30:00 -> 2025-01-17 21:00:00
2025-01-21 16:07:40,836 - DEBUG - AMZN: OHLC after cleaning: 2024-10-22 09:30:00-04:00 -> 2025-01-17 15:55:00-05:00
2025-01-21 16:07:40,839 - DEBUG - AMZN: OHLC after combining events: 2024-10-22 09:30:00-04:00 -> 2025-01-17 15:55:00-05:00
2025-01-21 16:07:40,846 - DEBUG - AMZN: yfinance returning OHLC: 2024-10-22 09:30:00-04:00 -> 2025-01-17 15:55:00-05:00
2025-01-21 16:07:40,847 - DEBUG -  Exiting history()
2025-01-21 16:07:40,847 - DEBUG - Exiting history()
2025-01-21 16:07:40,931 - INFO - Data for AMZN fetched and updated successfully in D:\Google Drive\!_Projects\2025\Market Pattern Analysis AI Agent\MarketPatterns_AI\Fetched_Data\AMZN_all_data_5min.csv.
2025-01-21 16:07:40,931 - INFO - 
Fetching data for ticker: NVDA
2025-01-21 16:07:40,931 - DEBUG - Entering history()
2025-01-21 16:07:40,931 - DEBUG - ('SELECT "t1"."key", "t1"."value" FROM "_kv" AS "t1" WHERE ("t1"."key" = ?) LIMIT ? OFFSET ?', ['NVDA', 1, 0])
2025-01-21 16:07:40,932 - DEBUG -  Entering history()
2025-01-21 16:07:40,932 - DEBUG - NVDA: Yahoo GET parameters: {'range': '60d', 'interval': '5m', 'includePrePost': False, 'events': 'div,splits,capitalGains'}
2025-01-21 16:07:40,932 - DEBUG -   Entering get()
2025-01-21 16:07:40,932 - DEBUG -    Entering _make_request()
2025-01-21 16:07:40,932 - DEBUG - url=https://query2.finance.yahoo.com/v8/finance/chart/NVDA
2025-01-21 16:07:40,932 - DEBUG - params={'range': '60d', 'interval': '5m', 'includePrePost': False, 'events': 'div,splits,capitalGains'}
2025-01-21 16:07:40,932 - DEBUG -     Entering _get_cookie_and_crumb()
2025-01-21 16:07:40,932 - DEBUG - cookie_mode = 'basic'
2025-01-21 16:07:40,932 - DEBUG -      Entering _get_cookie_and_crumb_basic()
2025-01-21 16:07:40,932 - DEBUG - reusing cookie
2025-01-21 16:07:40,932 - DEBUG - reusing crumb
2025-01-21 16:07:40,932 - DEBUG -      Exiting _get_cookie_and_crumb_basic()
2025-01-21 16:07:40,932 - DEBUG -     Exiting _get_cookie_and_crumb()
2025-01-21 16:07:41,487 - DEBUG - https://query2.finance.yahoo.com:443 "GET /v8/finance/chart/NVDA?range=60d&interval=5m&includePrePost=False&events=div%2Csplits%2CcapitalGains&crumb=7KUOX4WRB1d HTTP/1.1" 200 None
2025-01-21 16:07:41,703 - DEBUG - response code=200
2025-01-21 16:07:41,704 - DEBUG -    Exiting _make_request()
2025-01-21 16:07:41,704 - DEBUG -   Exiting get()
2025-01-21 16:07:41,763 - DEBUG - NVDA: yfinance received OHLC data: 2024-10-22 13:30:00 -> 2025-01-17 21:00:00
2025-01-21 16:07:41,772 - DEBUG - NVDA: OHLC after cleaning: 2024-10-22 09:30:00-04:00 -> 2025-01-17 15:55:00-05:00
2025-01-21 16:07:41,781 - DEBUG - NVDA: OHLC after combining events: 2024-10-22 09:30:00-04:00 -> 2025-01-17 15:55:00-05:00
2025-01-21 16:07:41,787 - DEBUG - NVDA: yfinance returning OHLC: 2024-10-22 09:30:00-04:00 -> 2025-01-17 15:55:00-05:00
2025-01-21 16:07:41,787 - DEBUG -  Exiting history()
2025-01-21 16:07:41,787 - DEBUG - Exiting history()
2025-01-21 16:07:41,869 - INFO - Data for NVDA fetched and updated successfully in D:\Google Drive\!_Projects\2025\Market Pattern Analysis AI Agent\MarketPatterns_AI\Fetched_Data\NVDA_all_data_5min.csv.
2025-01-21 16:07:41,870 - INFO - 
Fetching data for ticker: TSLA
2025-01-21 16:07:41,870 - DEBUG - Entering history()
2025-01-21 16:07:41,870 - DEBUG - ('SELECT "t1"."key", "t1"."value" FROM "_kv" AS "t1" WHERE ("t1"."key" = ?) LIMIT ? OFFSET ?', ['TSLA', 1, 0])
2025-01-21 16:07:41,871 - DEBUG -  Entering history()
2025-01-21 16:07:41,871 - DEBUG - TSLA: Yahoo GET parameters: {'range': '60d', 'interval': '5m', 'includePrePost': False, 'events': 'div,splits,capitalGains'}
2025-01-21 16:07:41,871 - DEBUG -   Entering get()
2025-01-21 16:07:41,871 - DEBUG -    Entering _make_request()
2025-01-21 16:07:41,871 - DEBUG - url=https://query2.finance.yahoo.com/v8/finance/chart/TSLA
2025-01-21 16:07:41,871 - DEBUG - params={'range': '60d', 'interval': '5m', 'includePrePost': False, 'events': 'div,splits,capitalGains'}
2025-01-21 16:07:41,871 - DEBUG -     Entering _get_cookie_and_crumb()
2025-01-21 16:07:41,871 - DEBUG - cookie_mode = 'basic'
2025-01-21 16:07:41,871 - DEBUG -      Entering _get_cookie_and_crumb_basic()
2025-01-21 16:07:41,871 - DEBUG - reusing cookie
2025-01-21 16:07:41,871 - DEBUG - reusing crumb
2025-01-21 16:07:41,871 - DEBUG -      Exiting _get_cookie_and_crumb_basic()
2025-01-21 16:07:41,871 - DEBUG -     Exiting _get_cookie_and_crumb()
2025-01-21 16:07:42,183 - DEBUG - https://query2.finance.yahoo.com:443 "GET /v8/finance/chart/TSLA?range=60d&interval=5m&includePrePost=False&events=div%2Csplits%2CcapitalGains&crumb=7KUOX4WRB1d HTTP/1.1" 200 None
2025-01-21 16:07:42,371 - DEBUG - response code=200
2025-01-21 16:07:42,371 - DEBUG -    Exiting _make_request()
2025-01-21 16:07:42,371 - DEBUG -   Exiting get()
2025-01-21 16:07:42,388 - DEBUG - TSLA: yfinance received OHLC data: 2024-10-22 13:30:00 -> 2025-01-17 21:00:00
2025-01-21 16:07:42,400 - DEBUG - TSLA: OHLC after cleaning: 2024-10-22 09:30:00-04:00 -> 2025-01-17 15:55:00-05:00
2025-01-21 16:07:42,403 - DEBUG - TSLA: OHLC after combining events: 2024-10-22 09:30:00-04:00 -> 2025-01-17 15:55:00-05:00
2025-01-21 16:07:42,409 - DEBUG - TSLA: yfinance returning OHLC: 2024-10-22 09:30:00-04:00 -> 2025-01-17 15:55:00-05:00
2025-01-21 16:07:42,409 - DEBUG -  Exiting history()
2025-01-21 16:07:42,410 - DEBUG - Exiting history()
2025-01-21 16:07:42,488 - INFO - Data for TSLA fetched and updated successfully in D:\Google Drive\!_Projects\2025\Market Pattern Analysis AI Agent\MarketPatterns_AI\Fetched_Data\TSLA_all_data_5min.csv.
2025-01-21 16:07:42,489 - INFO - 
Fetching data for ticker: META
2025-01-21 16:07:42,489 - DEBUG - Entering history()
2025-01-21 16:07:42,489 - DEBUG - ('SELECT "t1"."key", "t1"."value" FROM "_kv" AS "t1" WHERE ("t1"."key" = ?) LIMIT ? OFFSET ?', ['META', 1, 0])
2025-01-21 16:07:42,489 - DEBUG -  Entering history()
2025-01-21 16:07:42,490 - DEBUG - META: Yahoo GET parameters: {'range': '60d', 'interval': '5m', 'includePrePost': False, 'events': 'div,splits,capitalGains'}
2025-01-21 16:07:42,490 - DEBUG -   Entering get()
2025-01-21 16:07:42,490 - DEBUG -    Entering _make_request()
2025-01-21 16:07:42,490 - DEBUG - url=https://query2.finance.yahoo.com/v8/finance/chart/META
2025-01-21 16:07:42,490 - DEBUG - params={'range': '60d', 'interval': '5m', 'includePrePost': False, 'events': 'div,splits,capitalGains'}
2025-01-21 16:07:42,490 - DEBUG -     Entering _get_cookie_and_crumb()
2025-01-21 16:07:42,490 - DEBUG - cookie_mode = 'basic'
2025-01-21 16:07:42,490 - DEBUG -      Entering _get_cookie_and_crumb_basic()
2025-01-21 16:07:42,490 - DEBUG - reusing cookie
2025-01-21 16:07:42,490 - DEBUG - reusing crumb
2025-01-21 16:07:42,490 - DEBUG -      Exiting _get_cookie_and_crumb_basic()
2025-01-21 16:07:42,490 - DEBUG -     Exiting _get_cookie_and_crumb()
2025-01-21 16:07:43,134 - DEBUG - https://query2.finance.yahoo.com:443 "GET /v8/finance/chart/META?range=60d&interval=5m&includePrePost=False&events=div%2Csplits%2CcapitalGains&crumb=7KUOX4WRB1d HTTP/1.1" 200 None
2025-01-21 16:07:43,256 - DEBUG - response code=200
2025-01-21 16:07:43,256 - DEBUG -    Exiting _make_request()
2025-01-21 16:07:43,257 - DEBUG -   Exiting get()
2025-01-21 16:07:43,303 - DEBUG - META: yfinance received OHLC data: 2024-10-22 13:30:00 -> 2025-01-17 21:00:00
2025-01-21 16:07:43,314 - DEBUG - META: OHLC after cleaning: 2024-10-22 09:30:00-04:00 -> 2025-01-17 15:55:00-05:00
2025-01-21 16:07:43,322 - DEBUG - META: OHLC after combining events: 2024-10-22 09:30:00-04:00 -> 2025-01-17 15:55:00-05:00
2025-01-21 16:07:43,329 - DEBUG - META: yfinance returning OHLC: 2024-10-22 09:30:00-04:00 -> 2025-01-17 15:55:00-05:00
2025-01-21 16:07:43,329 - DEBUG -  Exiting history()
2025-01-21 16:07:43,329 - DEBUG - Exiting history()
2025-01-21 16:07:43,415 - INFO - Data for META fetched and updated successfully in D:\Google Drive\!_Projects\2025\Market Pattern Analysis AI Agent\MarketPatterns_AI\Fetched_Data\META_all_data_5min.csv.
2025-01-21 16:07:43,415 - INFO - 
Verifying and cleaning individual files...
2025-01-21 16:07:43,637 - INFO - D:\Google Drive\!_Projects\2025\Market Pattern Analysis AI Agent\MarketPatterns_AI\Fetched_Data\AAPL_all_data_5min.csv verified and cleaned successfully.
2025-01-21 16:07:43,859 - INFO - D:\Google Drive\!_Projects\2025\Market Pattern Analysis AI Agent\MarketPatterns_AI\Fetched_Data\AMZN_all_data_5min.csv verified and cleaned successfully.
2025-01-21 16:07:44,078 - INFO - D:\Google Drive\!_Projects\2025\Market Pattern Analysis AI Agent\MarketPatterns_AI\Fetched_Data\GOOGL_all_data_5min.csv verified and cleaned successfully.
2025-01-21 16:07:44,300 - INFO - D:\Google Drive\!_Projects\2025\Market Pattern Analysis AI Agent\MarketPatterns_AI\Fetched_Data\META_all_data_5min.csv verified and cleaned successfully.
2025-01-21 16:07:44,566 - INFO - D:\Google Drive\!_Projects\2025\Market Pattern Analysis AI Agent\MarketPatterns_AI\Fetched_Data\MSFT_all_data_5min.csv verified and cleaned successfully.
2025-01-21 16:07:44,800 - INFO - D:\Google Drive\!_Projects\2025\Market Pattern Analysis AI Agent\MarketPatterns_AI\Fetched_Data\NVDA_all_data_5min.csv verified and cleaned successfully.
2025-01-21 16:07:45,026 - INFO - D:\Google Drive\!_Projects\2025\Market Pattern Analysis AI Agent\MarketPatterns_AI\Fetched_Data\TSLA_all_data_5min.csv verified and cleaned successfully.
2025-01-21 16:07:45,241 - INFO - D:\Google Drive\!_Projects\2025\Market Pattern Analysis AI Agent\MarketPatterns_AI\Fetched_Data\^GSPC_all_data_5min.csv verified and cleaned successfully.
2025-01-21 16:07:45,242 - INFO - 
Combining CSV files...
2025-01-21 16:07:45,242 - INFO - Files found in directory: ['AAPL_all_data_5min.csv', 'AMZN_all_data_5min.csv', 'GOOGL_all_data_5min.csv', 'META_all_data_5min.csv', 'MSFT_all_data_5min.csv', 'NVDA_all_data_5min.csv', 'TSLA_all_data_5min.csv', '^GSPC_all_data_5min.csv']
2025-01-21 16:07:46,698 - INFO - Duplicate rows removed: 0
2025-01-21 16:07:47,150 - INFO - Combined data saved to D:\Google Drive\!_Projects\2025\Market Pattern Analysis AI Agent\MarketPatterns_AI\Fetched_Data\combined_sp500_all_data_5min.csv
2025-01-21 16:07:47,150 - INFO - Combined file range: 2024-10-22 09:30:00-04:00 to 2025-01-17 15:55:00-05:00
2025-01-21 16:07:48,440 - INFO - Unique tickers: 8
2025-01-21 16:07:48,443 - INFO - Missing values: 0
2025-01-21 16:07:48,456 - INFO - Duplicate rows: 0
2025-01-21 16:07:48,456 - INFO - Combined data summary:
2025-01-21 16:07:48,463 - INFO - None
2025-01-21 16:07:49,749 - INFO - 
Summary:
- Tickers Processed: 8
- Data Range: 2024-10-22 09:30:00-04:00 to 2025-01-17 15:55:00-05:00
- Total Rows: 36864
- Missing Values: 0
- Duplicate Rows: 0

