2025-03-11 09:46:39,036 - EnhancedAlphaVantageStockFetcher - INFO - EnhancedAlphaVantageStockFetcher initialized with config: config.json
2025-03-11 09:46:39,130 - EnhancedAlphaVantageStockFetcher - INFO - [036d7beb] Fetching intraday data for AAPL
2025-03-11 09:46:39,132 - EnhancedAlphaVantageStockFetcher - INFO - Using cached data for AAPL (age: 4.3 hours)
2025-03-11 09:46:40,541 - EnhancedAlphaVantageStockFetcher - INFO - Successfully converted AAPL timestamps from ET to IST
2025-03-11 09:46:40,721 - EnhancedAlphaVantageStockFetcher - INFO - Created new data file for AAPL, rows: 3840
2025-03-11 09:46:40,753 - EnhancedAlphaVantageStockFetcher - INFO - Updated last fetched time for AAPL to 2025-03-11 02:55:00
2025-03-11 09:46:40,754 - EnhancedAlphaVantageStockFetcher - INFO - [439a3683] Fetching intraday data for MSFT
2025-03-11 09:46:40,755 - EnhancedAlphaVantageStockFetcher - INFO - Using cached data for MSFT (age: 4.3 hours)
2025-03-11 09:46:41,055 - EnhancedAlphaVantageStockFetcher - INFO - Successfully converted MSFT timestamps from ET to IST
2025-03-11 09:46:41,231 - EnhancedAlphaVantageStockFetcher - INFO - Created new data file for MSFT, rows: 3795
2025-03-11 09:46:41,235 - EnhancedAlphaVantageStockFetcher - INFO - Updated last fetched time for MSFT to 2025-03-11 02:55:00
2025-03-11 09:46:41,236 - EnhancedAlphaVantageStockFetcher - INFO - [9b674b34] Fetching intraday data for GOOGL
2025-03-11 09:46:41,236 - EnhancedAlphaVantageStockFetcher - INFO - Using cached data for GOOGL (age: 4.3 hours)
2025-03-11 09:46:41,443 - EnhancedAlphaVantageStockFetcher - INFO - Successfully converted GOOGL timestamps from ET to IST
2025-03-11 09:46:41,544 - EnhancedAlphaVantageStockFetcher - INFO - Created new data file for GOOGL, rows: 3840
2025-03-11 09:46:41,546 - EnhancedAlphaVantageStockFetcher - INFO - Updated last fetched time for GOOGL to 2025-03-11 02:55:00
2025-03-11 09:46:41,546 - EnhancedAlphaVantageStockFetcher - INFO - [ed0a3e55] Fetching intraday data for AMZN
2025-03-11 09:46:41,547 - EnhancedAlphaVantageStockFetcher - INFO - Using cached data for AMZN (age: 4.3 hours)
2025-03-11 09:46:41,617 - EnhancedAlphaVantageStockFetcher - INFO - Successfully converted AMZN timestamps from ET to IST
2025-03-11 09:46:41,846 - EnhancedAlphaVantageStockFetcher - INFO - Created new data file for AMZN, rows: 3840
2025-03-11 09:46:41,847 - EnhancedAlphaVantageStockFetcher - INFO - Updated last fetched time for AMZN to 2025-03-11 02:55:00
2025-03-11 09:46:41,848 - EnhancedAlphaVantageStockFetcher - INFO - [e151a98f] Fetching intraday data for NVDA
2025-03-11 09:46:41,849 - EnhancedAlphaVantageStockFetcher - INFO - Using cached data for NVDA (age: 4.3 hours)
2025-03-11 09:46:41,906 - EnhancedAlphaVantageStockFetcher - INFO - Successfully converted NVDA timestamps from ET to IST
2025-03-11 09:46:41,967 - EnhancedAlphaVantageStockFetcher - INFO - Created new data file for NVDA, rows: 3840
2025-03-11 09:46:41,969 - EnhancedAlphaVantageStockFetcher - INFO - Updated last fetched time for NVDA to 2025-03-11 02:55:00
2025-03-11 09:46:41,970 - EnhancedAlphaVantageStockFetcher - INFO - [0bacd9d0] Fetching intraday data for TSLA
2025-03-11 09:46:41,970 - EnhancedAlphaVantageStockFetcher - INFO - Using cached data for TSLA (age: 4.3 hours)
2025-03-11 09:46:42,018 - EnhancedAlphaVantageStockFetcher - INFO - Successfully converted TSLA timestamps from ET to IST
2025-03-11 09:46:42,031 - EnhancedAlphaVantageStockFetcher - WARNING - Large price jump for TSLA at 2025-02-26 00:30:00: -30.83% change
2025-03-11 09:46:42,032 - EnhancedAlphaVantageStockFetcher - WARNING - Large price jump for TSLA at 2025-02-26 00:35:00: 44.74% change
2025-03-11 09:46:42,033 - EnhancedAlphaVantageStockFetcher - WARNING - Data quality issues for TSLA: Found 2 price jumps > 10%
2025-03-11 09:46:42,077 - EnhancedAlphaVantageStockFetcher - INFO - Created new data file for TSLA, rows: 3795
2025-03-11 09:46:42,079 - EnhancedAlphaVantageStockFetcher - INFO - Updated last fetched time for TSLA to 2025-03-11 02:55:00
2025-03-11 09:46:42,079 - EnhancedAlphaVantageStockFetcher - INFO - [8949760a] Fetching intraday data for META
2025-03-11 09:46:42,080 - EnhancedAlphaVantageStockFetcher - INFO - Using cached data for META (age: 4.3 hours)
2025-03-11 09:46:42,141 - EnhancedAlphaVantageStockFetcher - INFO - Successfully converted META timestamps from ET to IST
2025-03-11 09:46:42,212 - EnhancedAlphaVantageStockFetcher - INFO - Created new data file for META, rows: 3840
2025-03-11 09:46:42,214 - EnhancedAlphaVantageStockFetcher - INFO - Updated last fetched time for META to 2025-03-11 02:55:00
2025-03-11 09:46:42,497 - EnhancedAlphaVantageStockFetcher - INFO - Created combined dataset at D:\Google Drive\!_Projects\2025\Market Pattern Analysis AI Agent\MarketPatterns_AI\Fetched_Data\combined_sp500_all_data_5min.csv with 26790 rows
2025-03-11 09:46:42,521 - EnhancedAlphaVantageStockFetcher - INFO - Generated summary report at D:\Google Drive\!_Projects\2025\Market Pattern Analysis AI Agent\MarketPatterns_AI\Fetched_Data\summary_report.json
