2025-01-24 07:36:14,371 - INFO - Fetching data for ticker: ^GSPC
2025-01-24 07:36:14,372 - INFO - Fetching data for ticker: AAPL
2025-01-24 07:36:14,373 - INFO - Fetching data for ticker: MSFT
2025-01-24 07:36:14,374 - INFO - Fetching data for ticker: GOOGL
2025-01-24 07:36:14,374 - INFO - Fetching data for ticker: AMZN
2025-01-24 07:36:14,375 - INFO - Fetching data for ticker: NVDA
2025-01-24 07:36:14,376 - INFO - Fetching data for ticker: TSLA
2025-01-24 07:36:14,376 - INFO - Fetching data for ticker: META
2025-01-24 07:36:15,265 - ERROR - $MSFT: possibly delisted; no price data found  (5m 2025-01-23 21:00:00+00:00 -> 2025-01-24 00:36:14-05:00)
2025-01-24 07:36:15,266 - WARNING - No data fetched for ticker: MSFT
2025-01-24 07:36:15,271 - ERROR - $^GSPC: possibly delisted; no price data found  (5m 2025-01-23 21:00:00+00:00 -> 2025-01-24 00:36:14-05:00)
2025-01-24 07:36:15,272 - INFO - No new data for MSFT. Skipping.
2025-01-24 07:36:15,273 - WARNING - No data fetched for ticker: ^GSPC
2025-01-24 07:36:15,274 - INFO - No new data for ^GSPC. Skipping.
2025-01-24 07:36:15,303 - ERROR - $AAPL: possibly delisted; no price data found  (5m 2025-01-23 21:00:00+00:00 -> 2025-01-24 00:36:14-05:00)
2025-01-24 07:36:15,306 - WARNING - No data fetched for ticker: AAPL
2025-01-24 07:36:15,307 - ERROR - $AMZN: possibly delisted; no price data found  (5m 2025-01-23 21:00:00+00:00 -> 2025-01-24 00:36:14-05:00)
2025-01-24 07:36:15,308 - INFO - No new data for AAPL. Skipping.
2025-01-24 07:36:15,309 - WARNING - No data fetched for ticker: AMZN
2025-01-24 07:36:15,310 - INFO - No new data for AMZN. Skipping.
2025-01-24 07:36:15,321 - ERROR - $META: possibly delisted; no price data found  (5m 2025-01-23 21:00:00+00:00 -> 2025-01-24 00:36:14-05:00)
2025-01-24 07:36:15,322 - WARNING - No data fetched for ticker: META
2025-01-24 07:36:15,323 - INFO - No new data for META. Skipping.
2025-01-24 07:36:15,334 - ERROR - $NVDA: possibly delisted; no price data found  (5m 2025-01-23 21:00:00+00:00 -> 2025-01-24 00:36:14-05:00)
2025-01-24 07:36:15,336 - WARNING - No data fetched for ticker: NVDA
2025-01-24 07:36:15,337 - INFO - No new data for NVDA. Skipping.
2025-01-24 07:36:15,340 - ERROR - $GOOGL: possibly delisted; no price data found  (5m 2025-01-23 21:00:00+00:00 -> 2025-01-24 00:36:14-05:00)
2025-01-24 07:36:15,341 - WARNING - No data fetched for ticker: GOOGL
2025-01-24 07:36:15,341 - INFO - No new data for GOOGL. Skipping.
2025-01-24 07:36:15,356 - ERROR - $TSLA: possibly delisted; no price data found  (5m 2025-01-23 21:00:00+00:00 -> 2025-01-24 00:36:14-05:00)
2025-01-24 07:36:15,357 - WARNING - No data fetched for ticker: TSLA
2025-01-24 07:36:15,357 - INFO - No new data for TSLA. Skipping.
2025-01-24 07:36:15,358 - INFO - Combining CSV files...
2025-01-24 07:36:16,548 - ERROR - Error during CSV combining process: [Errno 13] Permission denied: 'D:\\Google Drive\\!_Projects\\2025\\Market Pattern Analysis AI Agent\\MarketPatterns_AI\\Fetched_Data\\combined_sp500_all_data_5min.csv'
2025-01-24 07:40:50,281 - INFO - Fetching data for ticker: ^GSPC
2025-01-24 07:40:50,282 - INFO - Fetching data for ticker: AAPL
2025-01-24 07:40:50,283 - INFO - Fetching data for ticker: MSFT
2025-01-24 07:40:50,285 - INFO - Fetching data for ticker: GOOGL
2025-01-24 07:40:50,285 - INFO - Fetching data for ticker: AMZN
2025-01-24 07:40:50,286 - INFO - Fetching data for ticker: NVDA
2025-01-24 07:40:50,287 - INFO - Fetching data for ticker: TSLA
2025-01-24 07:40:50,288 - INFO - Fetching data for ticker: META
2025-01-24 07:40:51,610 - ERROR - $GOOGL: possibly delisted; no price data found  (5m 2025-01-23 21:00:00+00:00 -> 2025-01-24 00:40:50-05:00)
2025-01-24 07:40:51,611 - WARNING - No data fetched for ticker: GOOGL
2025-01-24 07:40:51,612 - INFO - No new data for GOOGL. Skipping.
2025-01-24 07:40:51,618 - ERROR - $TSLA: possibly delisted; no price data found  (5m 2025-01-23 21:00:00+00:00 -> 2025-01-24 00:40:50-05:00)
2025-01-24 07:40:51,621 - WARNING - No data fetched for ticker: TSLA
2025-01-24 07:40:51,623 - ERROR - $MSFT: possibly delisted; no price data found  (5m 2025-01-23 21:00:00+00:00 -> 2025-01-24 00:40:50-05:00)
2025-01-24 07:40:51,623 - INFO - No new data for TSLA. Skipping.
2025-01-24 07:40:51,624 - WARNING - No data fetched for ticker: MSFT
2025-01-24 07:40:51,625 - INFO - No new data for MSFT. Skipping.
2025-01-24 07:40:51,642 - ERROR - $NVDA: possibly delisted; no price data found  (5m 2025-01-23 21:00:00+00:00 -> 2025-01-24 00:40:50-05:00)
2025-01-24 07:40:51,644 - WARNING - No data fetched for ticker: NVDA
2025-01-24 07:40:51,644 - INFO - No new data for NVDA. Skipping.
2025-01-24 07:40:51,648 - ERROR - $^GSPC: possibly delisted; no price data found  (5m 2025-01-23 21:00:00+00:00 -> 2025-01-24 00:40:50-05:00)
2025-01-24 07:40:51,651 - ERROR - $META: possibly delisted; no price data found  (5m 2025-01-23 21:00:00+00:00 -> 2025-01-24 00:40:50-05:00)
2025-01-24 07:40:51,652 - WARNING - No data fetched for ticker: ^GSPC
2025-01-24 07:40:51,654 - WARNING - No data fetched for ticker: META
2025-01-24 07:40:51,654 - INFO - No new data for ^GSPC. Skipping.
2025-01-24 07:40:51,655 - INFO - No new data for META. Skipping.
2025-01-24 07:40:52,647 - ERROR - $AMZN: possibly delisted; no price data found  (5m 2025-01-23 21:00:00+00:00 -> 2025-01-24 00:40:50-05:00)
2025-01-24 07:40:52,648 - WARNING - No data fetched for ticker: AMZN
2025-01-24 07:40:52,649 - INFO - No new data for AMZN. Skipping.
2025-01-24 07:40:54,642 - ERROR - $AAPL: possibly delisted; no price data found  (5m 2025-01-23 21:00:00+00:00 -> 2025-01-24 00:40:50-05:00)
2025-01-24 07:40:54,644 - WARNING - No data fetched for ticker: AAPL
2025-01-24 07:40:54,644 - INFO - No new data for AAPL. Skipping.
2025-01-24 07:40:54,645 - INFO - Combining CSV files...
2025-01-24 07:40:55,673 - INFO - Combined data saved to D:\Google Drive\!_Projects\2025\Market Pattern Analysis AI Agent\MarketPatterns_AI\Fetched_Data\combined_sp500_all_data_5min.csv
2025-01-24 07:40:55,948 - INFO - Summary report saved to D:\Google Drive\!_Projects\2025\Market Pattern Analysis AI Agent\MarketPatterns_AI\Fetched_Data\summary_report.csv
2025-01-24 07:42:06,555 - INFO - Fetching data for ticker: ^GSPC
2025-01-24 07:42:06,555 - INFO - Fetching data for ticker: AAPL
2025-01-24 07:42:06,556 - INFO - Fetching data for ticker: MSFT
2025-01-24 07:42:06,557 - INFO - Fetching data for ticker: GOOGL
2025-01-24 07:42:06,559 - INFO - Fetching data for ticker: AMZN
2025-01-24 07:42:06,560 - INFO - Fetching data for ticker: NVDA
2025-01-24 07:42:06,560 - INFO - Fetching data for ticker: TSLA
2025-01-24 07:42:06,561 - INFO - Fetching data for ticker: META
2025-01-24 07:42:07,751 - ERROR - $NVDA: possibly delisted; no price data found  (5m 2025-01-23 21:00:00+00:00 -> 2025-01-24 00:42:07-05:00)
2025-01-24 07:42:07,752 - WARNING - No data fetched for ticker: NVDA
2025-01-24 07:42:07,753 - INFO - No new data for NVDA. Skipping.
2025-01-24 07:42:07,772 - ERROR - $AAPL: possibly delisted; no price data found  (5m 2025-01-23 21:00:00+00:00 -> 2025-01-24 00:42:07-05:00)
2025-01-24 07:42:07,773 - WARNING - No data fetched for ticker: AAPL
2025-01-24 07:42:07,774 - INFO - No new data for AAPL. Skipping.
2025-01-24 07:42:07,777 - ERROR - $MSFT: possibly delisted; no price data found  (5m 2025-01-23 21:00:00+00:00 -> 2025-01-24 00:42:07-05:00)
2025-01-24 07:42:07,778 - WARNING - No data fetched for ticker: MSFT
2025-01-24 07:42:07,778 - INFO - No new data for MSFT. Skipping.
2025-01-24 07:42:07,781 - ERROR - $GOOGL: possibly delisted; no price data found  (5m 2025-01-23 21:00:00+00:00 -> 2025-01-24 00:42:07-05:00)
2025-01-24 07:42:07,782 - WARNING - No data fetched for ticker: GOOGL
2025-01-24 07:42:07,782 - INFO - No new data for GOOGL. Skipping.
2025-01-24 07:42:07,785 - ERROR - $AMZN: possibly delisted; no price data found  (5m 2025-01-23 21:00:00+00:00 -> 2025-01-24 00:42:07-05:00)
2025-01-24 07:42:07,786 - WARNING - No data fetched for ticker: AMZN
2025-01-24 07:42:07,786 - INFO - No new data for AMZN. Skipping.
2025-01-24 07:42:07,800 - ERROR - $META: possibly delisted; no price data found  (5m 2025-01-23 21:00:00+00:00 -> 2025-01-24 00:42:07-05:00)
2025-01-24 07:42:07,801 - WARNING - No data fetched for ticker: META
2025-01-24 07:42:07,802 - INFO - No new data for META. Skipping.
2025-01-24 07:42:08,758 - ERROR - $TSLA: possibly delisted; no price data found  (5m 2025-01-23 21:00:00+00:00 -> 2025-01-24 00:42:07-05:00)
2025-01-24 07:42:08,759 - WARNING - No data fetched for ticker: TSLA
2025-01-24 07:42:08,760 - INFO - No new data for TSLA. Skipping.
2025-01-24 07:42:08,779 - ERROR - $^GSPC: possibly delisted; no price data found  (5m 2025-01-23 21:00:00+00:00 -> 2025-01-24 00:42:07-05:00)
2025-01-24 07:42:08,780 - WARNING - No data fetched for ticker: ^GSPC
2025-01-24 07:42:08,780 - INFO - No new data for ^GSPC. Skipping.
2025-01-24 07:42:08,781 - INFO - Combining CSV files...
2025-01-24 07:42:10,829 - INFO - Combined data saved to D:\Google Drive\!_Projects\2025\Market Pattern Analysis AI Agent\MarketPatterns_AI\Fetched_Data\combined_sp500_all_data_5min.csv
2025-01-24 07:42:11,406 - INFO - Summary report saved to D:\Google Drive\!_Projects\2025\Market Pattern Analysis AI Agent\MarketPatterns_AI\Fetched_Data\summary_report.csv
2025-01-24 07:49:15,465 - INFO - Fetching data for ticker: ^GSPC
2025-01-24 07:49:15,466 - INFO - Fetching data for ticker: AAPL
2025-01-24 07:49:15,466 - INFO - Fetching data for ticker: MSFT
2025-01-24 07:49:15,467 - INFO - Fetching data for ticker: GOOGL
2025-01-24 07:49:15,469 - INFO - Fetching data for ticker: AMZN
2025-01-24 07:49:15,470 - INFO - Fetching data for ticker: NVDA
2025-01-24 07:49:15,470 - INFO - Fetching data for ticker: TSLA
2025-01-24 07:49:15,471 - INFO - Fetching data for ticker: META
2025-01-24 07:49:16,644 - ERROR - $TSLA: possibly delisted; no price data found  (5m 2025-01-23 21:00:00+00:00 -> 2025-01-24 00:49:16-05:00)
2025-01-24 07:49:16,645 - WARNING - No data fetched for ticker: TSLA
2025-01-24 07:49:16,646 - INFO - No new data for TSLA. Skipping.
2025-01-24 07:49:16,649 - ERROR - $GOOGL: possibly delisted; no price data found  (5m 2025-01-23 21:00:00+00:00 -> 2025-01-24 00:49:16-05:00)
2025-01-24 07:49:16,649 - WARNING - No data fetched for ticker: GOOGL
2025-01-24 07:49:16,650 - INFO - No new data for GOOGL. Skipping.
2025-01-24 07:49:16,662 - ERROR - $META: possibly delisted; no price data found  (5m 2025-01-23 21:00:00+00:00 -> 2025-01-24 00:49:16-05:00)
2025-01-24 07:49:16,663 - WARNING - No data fetched for ticker: META
2025-01-24 07:49:16,663 - INFO - No new data for META. Skipping.
2025-01-24 07:49:16,676 - ERROR - $NVDA: possibly delisted; no price data found  (5m 2025-01-23 21:00:00+00:00 -> 2025-01-24 00:49:16-05:00)
2025-01-24 07:49:16,677 - WARNING - No data fetched for ticker: NVDA
2025-01-24 07:49:16,678 - INFO - No new data for NVDA. Skipping.
2025-01-24 07:49:16,680 - ERROR - $MSFT: possibly delisted; no price data found  (5m 2025-01-23 21:00:00+00:00 -> 2025-01-24 00:49:16-05:00)
2025-01-24 07:49:16,681 - WARNING - No data fetched for ticker: MSFT
2025-01-24 07:49:16,682 - INFO - No new data for MSFT. Skipping.
2025-01-24 07:49:16,690 - ERROR - $AAPL: possibly delisted; no price data found  (5m 2025-01-23 21:00:00+00:00 -> 2025-01-24 00:49:16-05:00)
2025-01-24 07:49:16,691 - WARNING - No data fetched for ticker: AAPL
2025-01-24 07:49:16,692 - INFO - No new data for AAPL. Skipping.
2025-01-24 07:49:16,706 - ERROR - $AMZN: possibly delisted; no price data found  (5m 2025-01-23 21:00:00+00:00 -> 2025-01-24 00:49:16-05:00)
2025-01-24 07:49:16,706 - WARNING - No data fetched for ticker: AMZN
2025-01-24 07:49:16,707 - INFO - No new data for AMZN. Skipping.
2025-01-24 07:49:16,735 - ERROR - $^GSPC: possibly delisted; no price data found  (5m 2025-01-23 21:00:00+00:00 -> 2025-01-24 00:49:16-05:00)
2025-01-24 07:49:16,735 - WARNING - No data fetched for ticker: ^GSPC
2025-01-24 07:49:16,736 - INFO - No new data for ^GSPC. Skipping.
2025-01-24 07:49:16,737 - INFO - Combining CSV files...
2025-01-24 07:49:18,778 - INFO - Combined data saved to D:\Google Drive\!_Projects\2025\Market Pattern Analysis AI Agent\MarketPatterns_AI\Fetched_Data\combined_sp500_all_data_5min.csv
2025-01-24 07:49:22,137 - INFO - Summary report saved to D:\Google Drive\!_Projects\2025\Market Pattern Analysis AI Agent\MarketPatterns_AI\Fetched_Data\summary_report.csv
2025-01-24 18:54:59,237 - INFO - Fetching data for ticker: ^GSPC
2025-01-24 18:54:59,238 - INFO - Fetching data for ticker: AAPL
2025-01-24 18:54:59,239 - INFO - Fetching data for ticker: MSFT
2025-01-24 18:54:59,239 - INFO - Fetching data for ticker: GOOGL
2025-01-24 18:54:59,240 - INFO - Fetching data for ticker: AMZN
2025-01-24 18:54:59,241 - INFO - Fetching data for ticker: NVDA
2025-01-24 18:54:59,242 - INFO - Fetching data for ticker: TSLA
2025-01-24 18:54:59,244 - INFO - Fetching data for ticker: META
2025-01-24 18:54:59,698 - ERROR - $AMZN: possibly delisted; no price data found  (5m 2025-01-23 21:00:00+00:00 -> 2025-01-24 11:54:59-05:00)
2025-01-24 18:54:59,698 - WARNING - No data fetched for ticker: AMZN
2025-01-24 18:54:59,698 - INFO - No new data for AMZN. Skipping.
2025-01-24 18:54:59,702 - ERROR - $META: possibly delisted; no price data found  (5m 2025-01-23 21:00:00+00:00 -> 2025-01-24 11:54:59-05:00)
2025-01-24 18:54:59,703 - WARNING - No data fetched for ticker: META
2025-01-24 18:54:59,703 - INFO - No new data for META. Skipping.
2025-01-24 18:54:59,705 - ERROR - $GOOGL: possibly delisted; no price data found  (5m 2025-01-23 21:00:00+00:00 -> 2025-01-24 11:54:59-05:00)
2025-01-24 18:54:59,705 - WARNING - No data fetched for ticker: GOOGL
2025-01-24 18:54:59,706 - INFO - No new data for GOOGL. Skipping.
2025-01-24 18:54:59,707 - ERROR - $NVDA: possibly delisted; no price data found  (5m 2025-01-23 21:00:00+00:00 -> 2025-01-24 11:54:59-05:00)
2025-01-24 18:54:59,708 - WARNING - No data fetched for ticker: NVDA
2025-01-24 18:54:59,708 - INFO - No new data for NVDA. Skipping.
2025-01-24 18:54:59,710 - ERROR - $AAPL: possibly delisted; no price data found  (5m 2025-01-23 21:00:00+00:00 -> 2025-01-24 11:54:59-05:00)
2025-01-24 18:54:59,711 - WARNING - No data fetched for ticker: AAPL
2025-01-24 18:54:59,711 - INFO - No new data for AAPL. Skipping.
2025-01-24 18:54:59,713 - ERROR - $MSFT: possibly delisted; no price data found  (5m 2025-01-23 21:00:00+00:00 -> 2025-01-24 11:54:59-05:00)
2025-01-24 18:54:59,713 - WARNING - No data fetched for ticker: MSFT
2025-01-24 18:54:59,713 - INFO - No new data for MSFT. Skipping.
2025-01-24 18:54:59,715 - ERROR - $^GSPC: possibly delisted; no price data found  (5m 2025-01-23 21:00:00+00:00 -> 2025-01-24 11:54:59-05:00)
2025-01-24 18:54:59,716 - WARNING - No data fetched for ticker: ^GSPC
2025-01-24 18:54:59,716 - INFO - No new data for ^GSPC. Skipping.
2025-01-24 18:54:59,719 - ERROR - $TSLA: possibly delisted; no price data found  (5m 2025-01-23 21:00:00+00:00 -> 2025-01-24 11:54:59-05:00)
2025-01-24 18:54:59,719 - WARNING - No data fetched for ticker: TSLA
2025-01-24 18:54:59,719 - INFO - No new data for TSLA. Skipping.
2025-01-24 18:54:59,719 - INFO - Combining CSV files...
2025-01-24 18:55:00,744 - INFO - Combined data saved to D:\Google Drive\!_Projects\2025\Market Pattern Analysis AI Agent\MarketPatterns_AI\Fetched_Data\combined_sp500_all_data_5min.csv
2025-01-24 18:55:00,994 - INFO - Summary report saved to D:\Google Drive\!_Projects\2025\Market Pattern Analysis AI Agent\MarketPatterns_AI\Fetched_Data\summary_report.csv
2025-01-24 19:17:05,682 - INFO - Fetching data for ticker: ^GSPC
2025-01-24 19:17:05,682 - INFO - Fetching data for ticker: AAPL
2025-01-24 19:17:05,683 - INFO - Fetching data for ticker: MSFT
2025-01-24 19:17:05,684 - INFO - Fetching data for ticker: GOOGL
2025-01-24 19:17:05,684 - INFO - Fetching data for ticker: AMZN
2025-01-24 19:17:05,685 - INFO - Fetching data for ticker: NVDA
2025-01-24 19:17:05,686 - INFO - Fetching data for ticker: TSLA
2025-01-24 19:17:05,687 - INFO - Fetching data for ticker: META
2025-01-24 19:17:13,939 - INFO - Data for META updated successfully.
2025-01-24 19:17:13,979 - INFO - Data for TSLA updated successfully.
2025-01-24 19:17:13,989 - INFO - Data for AAPL updated successfully.
2025-01-24 19:17:13,992 - INFO - Data for GOOGL updated successfully.
2025-01-24 19:17:14,713 - INFO - Data for MSFT updated successfully.
2025-01-24 19:17:20,774 - INFO - Data for NVDA updated successfully.
2025-01-24 19:17:20,789 - INFO - Data for AMZN updated successfully.
2025-01-24 19:17:25,478 - INFO - Data for ^GSPC updated successfully.
2025-01-24 19:17:25,478 - INFO - Combining CSV files...
2025-01-24 19:17:26,641 - INFO - Combined data saved to D:\Google Drive\!_Projects\2025\Market Pattern Analysis AI Agent\MarketPatterns_AI\Fetched_Data\combined_sp500_all_data_5min.csv
2025-01-24 19:17:26,911 - INFO - Summary report saved to D:\Google Drive\!_Projects\2025\Market Pattern Analysis AI Agent\MarketPatterns_AI\Fetched_Data\summary_report.csv
2025-01-24 19:21:07,344 - INFO - Fetching data for ticker: ^GSPC
2025-01-24 19:21:07,345 - INFO - Fetching data for ticker: AAPL
2025-01-24 19:21:07,346 - INFO - Fetching data for ticker: MSFT
2025-01-24 19:21:07,346 - INFO - Fetching data for ticker: GOOGL
2025-01-24 19:21:07,347 - INFO - Fetching data for ticker: AMZN
2025-01-24 19:21:07,348 - INFO - Fetching data for ticker: NVDA
2025-01-24 19:21:07,348 - INFO - Fetching data for ticker: TSLA
2025-01-24 19:21:07,349 - INFO - Fetching data for ticker: META
2025-01-24 19:21:08,173 - ERROR - $NVDA: possibly delisted; no price data found  (5m 2025-01-24 17:20:00+00:00 -> 2025-01-24 12:21:07-05:00)
2025-01-24 19:21:08,173 - WARNING - No data fetched for ticker: NVDA
2025-01-24 19:21:08,174 - INFO - No new data for NVDA. Skipping.
2025-01-24 19:21:08,197 - ERROR - $TSLA: possibly delisted; no price data found  (5m 2025-01-24 17:20:00+00:00 -> 2025-01-24 12:21:07-05:00)
2025-01-24 19:21:08,197 - WARNING - No data fetched for ticker: TSLA
2025-01-24 19:21:08,198 - INFO - No new data for TSLA. Skipping.
2025-01-24 19:21:08,199 - ERROR - $AAPL: possibly delisted; no price data found  (5m 2025-01-24 17:20:00+00:00 -> 2025-01-24 12:21:07-05:00)
2025-01-24 19:21:08,200 - WARNING - No data fetched for ticker: AAPL
2025-01-24 19:21:08,200 - INFO - No new data for AAPL. Skipping.
2025-01-24 19:21:11,208 - ERROR - $AMZN: possibly delisted; no price data found  (5m 2025-01-24 17:20:00+00:00 -> 2025-01-24 12:21:07-05:00)
2025-01-24 19:21:11,209 - WARNING - No data fetched for ticker: AMZN
2025-01-24 19:21:11,209 - INFO - No new data for AMZN. Skipping.
2025-01-24 19:21:11,214 - ERROR - $MSFT: possibly delisted; no price data found  (5m 2025-01-24 17:20:00+00:00 -> 2025-01-24 12:21:07-05:00)
2025-01-24 19:21:11,215 - WARNING - No data fetched for ticker: MSFT
2025-01-24 19:21:11,216 - INFO - No new data for MSFT. Skipping.
2025-01-24 19:21:11,220 - ERROR - $^GSPC: possibly delisted; no price data found  (5m 2025-01-24 17:20:00+00:00 -> 2025-01-24 12:21:07-05:00)
2025-01-24 19:21:11,221 - WARNING - No data fetched for ticker: ^GSPC
2025-01-24 19:21:11,221 - INFO - No new data for ^GSPC. Skipping.
2025-01-24 19:21:11,236 - ERROR - $GOOGL: possibly delisted; no price data found  (5m 2025-01-24 17:20:00+00:00 -> 2025-01-24 12:21:07-05:00)
2025-01-24 19:21:11,236 - WARNING - No data fetched for ticker: GOOGL
2025-01-24 19:21:11,237 - INFO - No new data for GOOGL. Skipping.
2025-01-24 19:21:11,242 - ERROR - $META: possibly delisted; no price data found  (5m 2025-01-24 17:20:00+00:00 -> 2025-01-24 12:21:07-05:00)
2025-01-24 19:21:11,243 - WARNING - No data fetched for ticker: META
2025-01-24 19:21:11,243 - INFO - No new data for META. Skipping.
2025-01-24 19:21:11,244 - INFO - Combining CSV files...
2025-01-24 19:21:12,134 - INFO - Combined data saved to D:\Google Drive\!_Projects\2025\Market Pattern Analysis AI Agent\MarketPatterns_AI\Fetched_Data\combined_sp500_all_data_5min.csv
2025-01-24 19:21:12,370 - INFO - Summary report saved to D:\Google Drive\!_Projects\2025\Market Pattern Analysis AI Agent\MarketPatterns_AI\Fetched_Data\summary_report.csv
